SLF4J: Class path contains multiple SLF4J bindings.
SLF4J: Found binding in [jar:file:/home/makaza/.m2/repository/org/apache/jena/jena-fuseki-server/4.6.1/jena-fuseki-server-4.6.1.jar!/org/slf4j/impl/StaticLoggerBinder.class]
SLF4J: Found binding in [jar:file:/home/makaza/.m2/repository/org/apache/logging/log4j/log4j-slf4j-impl/2.18.0/log4j-slf4j-impl-2.18.0.jar!/org/slf4j/impl/StaticLoggerBinder.class]
SLF4J: See http://www.slf4j.org/codes.html#multiple_bindings for an explanation.
SLF4J: Actual binding is of type [org.apache.logging.slf4j.Log4jLoggerFactory]
[2024-10-11 09:59:47] Server     INFO  Apache Jena Fuseki 4.6.1
[2024-10-11 09:59:47] Server     INFO  Incoming connections limited to localhost
[2024-10-11 09:59:48] Config     INFO  FUSEKI_HOME=/home/makaza/Documents/IC/update-oml-project/.fuseki/.
[2024-10-11 09:59:48] Config     INFO  FUSEKI_BASE=/home/makaza/Documents/IC/update-oml-project/.fuseki/run
[2024-10-11 09:59:48] Config     INFO  Shiro file: file:///home/makaza/Documents/IC/update-oml-project/.fuseki/run/shiro.ini
[2024-10-11 09:59:49] Server     INFO  Path = /SystemDesignOntology2Layers
[2024-10-11 09:59:49] Server     INFO  System
[2024-10-11 09:59:49] Server     INFO    Memory: 4.8 GiB
[2024-10-11 09:59:49] Server     INFO    Java:   17.0.10
[2024-10-11 09:59:49] Server     INFO    OS:     Linux 6.10.12-200.fc40.x86_64 amd64
[2024-10-11 09:59:49] Server     INFO    PID:    6799
[2024-10-11 09:59:49] Server     INFO  Started 2024/10/11 09:59:49 BRT on port 3030
[2024-10-11 10:14:15] Fuseki     INFO  [1] POST http://localhost:3030/SystemDesignOntology2Layers/
[2024-10-11 10:14:15] Fuseki     INFO  [1] Query =  PREFIX rdfs: <http://www.w3.org/2000/01/rdf-schema#>  SELECT DISTINCT ?subclass ?superclass WHERE {   ?subclass rdfs:subClassOf ?superclass }
[2024-10-11 10:14:15] Fuseki     INFO  [1] 200 OK (81 ms)
[2024-10-11 10:52:15] Fuseki     INFO  [5] GET http://localhost:3030/SystemDesignOntology2Layers/?query=select+%3Fg+(count(*)+as+%3Fcount)+%7Bgraph+%3Fg+%7B%3Fs+%3Fp+%3Fo%7D%7D+group+by+%3Fg
[2024-10-11 10:52:15] Fuseki     INFO  [6] GET http://localhost:3030/SystemDesignOntology2Layers/?query=select+(count(*)+as+%3Fcount)+%7B%3Fs+%3Fp+%3Fo%7D
[2024-10-11 10:52:15] Fuseki     INFO  [6] Query = select (count(*) as ?count) {?s ?p ?o}
[2024-10-11 10:52:15] Fuseki     INFO  [5] Query = select ?g (count(*) as ?count) {graph ?g {?s ?p ?o}} group by ?g
[2024-10-11 10:52:15] Fuseki     INFO  [5] 200 OK (31 ms)
[2024-10-11 10:52:15] Fuseki     INFO  [6] 200 OK (33 ms)
[2024-10-11 10:52:59] Fuseki     INFO  [9] POST http://localhost:3030/SystemDesignOntology2Layers/SystemDesignOntology2Layers
[2024-10-11 10:52:59] Fuseki     INFO  [10] POST http://localhost:3030/SystemDesignOntology2Layers/SystemDesignOntology2Layers
[2024-10-11 10:52:59] Fuseki     INFO  [11] POST http://localhost:3030/SystemDesignOntology2Layers/SystemDesignOntology2Layers
[2024-10-11 10:52:59] Fuseki     INFO  [9] Filename: classes.ttl, Content-Type=text/turtle, Charset=null => Turtle : Count=1310 Triples=1310 Quads=0
[2024-10-11 10:52:59] Fuseki     INFO  [9] 200 OK (406 ms)
[2024-10-11 10:53:01] Fuseki     INFO  [10] Filename: individuals.ttl, Content-Type=text/turtle, Charset=null => Turtle : Count=37498 Triples=37498 Quads=0
[2024-10-11 10:53:01] Fuseki     INFO  [10] 200 OK (2.267 s)
[2024-10-11 10:53:01] Fuseki     INFO  [11] Filename: properties.ttl, Content-Type=text/turtle, Charset=null => Turtle : Count=959 Triples=959 Quads=0
[2024-10-11 10:53:01] Fuseki     INFO  [11] 200 OK (2.314 s)
[2024-10-11 10:53:09] Fuseki     INFO  [14] GET http://localhost:3030/SystemDesignOntology2Layers/?query=select+%3Fg+(count(*)+as+%3Fcount)+%7Bgraph+%3Fg+%7B%3Fs+%3Fp+%3Fo%7D%7D+group+by+%3Fg
[2024-10-11 10:53:09] Fuseki     INFO  [14] Query = select ?g (count(*) as ?count) {graph ?g {?s ?p ?o}} group by ?g
[2024-10-11 10:53:09] Fuseki     INFO  [15] GET http://localhost:3030/SystemDesignOntology2Layers/?query=select+(count(*)+as+%3Fcount)+%7B%3Fs+%3Fp+%3Fo%7D
[2024-10-11 10:53:09] Fuseki     INFO  [15] Query = select (count(*) as ?count) {?s ?p ?o}
[2024-10-11 10:53:09] Fuseki     INFO  [14] 200 OK (11 ms)
[2024-10-11 10:53:09] Fuseki     INFO  [15] 200 OK (13 ms)
[2024-10-11 10:53:14] Fuseki     INFO  [18] GET http://localhost:3030/SystemDesignOntology2Layers/?query=select+%3Fg+(count(*)+as+%3Fcount)+%7Bgraph+%3Fg+%7B%3Fs+%3Fp+%3Fo%7D%7D+group+by+%3Fg
[2024-10-11 10:53:14] Fuseki     INFO  [17] GET http://localhost:3030/SystemDesignOntology2Layers/?query=select+(count(*)+as+%3Fcount)+%7B%3Fs+%3Fp+%3Fo%7D
[2024-10-11 10:53:14] Fuseki     INFO  [17] Query = select (count(*) as ?count) {?s ?p ?o}
[2024-10-11 10:53:14] Fuseki     INFO  [18] Query = select ?g (count(*) as ?count) {graph ?g {?s ?p ?o}} group by ?g
[2024-10-11 10:53:14] Fuseki     INFO  [18] 200 OK (7 ms)
[2024-10-11 10:53:14] Fuseki     INFO  [17] 200 OK (7 ms)
[2024-10-11 10:53:24] Fuseki     INFO  [22] POST http://localhost:3030/SystemDesignOntology2Layers/
[2024-10-11 10:53:24] Fuseki     INFO  [22] Query = PREFIX rdf: <http://www.w3.org/1999/02/22-rdf-syntax-ns#> PREFIX rdfs: <http://www.w3.org/2000/01/rdf-schema#> SELECT * WHERE {   ?sub ?pred ?obj . } LIMIT 10
[2024-10-11 10:53:24] Fuseki     INFO  [22] 200 OK (14 ms)
[2024-10-11 10:53:48] Fuseki     INFO  [31] POST http://localhost:3030/SystemDesignOntology2Layers/SystemDesignOntology2Layers
[2024-10-11 10:53:48] Fuseki     INFO  [32] POST http://localhost:3030/SystemDesignOntology2Layers/SystemDesignOntology2Layers
[2024-10-11 10:53:48] Fuseki     INFO  [33] POST http://localhost:3030/SystemDesignOntology2Layers/SystemDesignOntology2Layers
[2024-10-11 10:53:49] Fuseki     INFO  [31] Filename: individuals.ttl, Content-Type=text/turtle, Charset=null => Turtle : Count=37498 Triples=37498 Quads=0
[2024-10-11 10:53:49] Fuseki     INFO  [31] 200 OK (569 ms)
[2024-10-11 10:53:49] Fuseki     INFO  [32] Filename: classes.ttl, Content-Type=text/turtle, Charset=null => Turtle : Count=1310 Triples=1310 Quads=0
[2024-10-11 10:53:49] Fuseki     INFO  [32] 200 OK (603 ms)
[2024-10-11 10:53:49] Fuseki     INFO  [33] Filename: properties.ttl, Content-Type=text/turtle, Charset=null => Turtle : Count=959 Triples=959 Quads=0
[2024-10-11 10:53:49] Fuseki     INFO  [33] 200 OK (618 ms)
[2024-10-11 10:53:52] Fuseki     INFO  [36] GET http://localhost:3030/SystemDesignOntology2Layers/?query=select+(count(*)+as+%3Fcount)+%7B%3Fs+%3Fp+%3Fo%7D
[2024-10-11 10:53:52] Fuseki     INFO  [37] GET http://localhost:3030/SystemDesignOntology2Layers/?query=select+%3Fg+(count(*)+as+%3Fcount)+%7Bgraph+%3Fg+%7B%3Fs+%3Fp+%3Fo%7D%7D+group+by+%3Fg
[2024-10-11 10:53:52] Fuseki     INFO  [36] Query = select (count(*) as ?count) {?s ?p ?o}
[2024-10-11 10:53:52] Fuseki     INFO  [37] Query = select ?g (count(*) as ?count) {graph ?g {?s ?p ?o}} group by ?g
[2024-10-11 10:53:52] Fuseki     INFO  [37] 200 OK (6 ms)
[2024-10-11 10:53:52] Fuseki     INFO  [36] 200 OK (8 ms)
[2024-10-11 10:54:16] Admin      INFO  [50] DELETE dataset=/SystemDesignOntology2Layers
[2024-10-11 10:54:16] Admin      WARN  [50] Can't delete database configuration - not a managed database
[2024-10-11 10:54:24] Admin      INFO  [52] Create database : name = /SystemDesignOntology2Layers
[2024-10-11 10:54:31] Fuseki     INFO  [56] POST http://localhost:3030/SystemDesignOntology2Layers/data
[2024-10-11 10:54:31] Fuseki     INFO  [57] POST http://localhost:3030/SystemDesignOntology2Layers/data
[2024-10-11 10:54:31] Fuseki     INFO  [58] POST http://localhost:3030/SystemDesignOntology2Layers/data
[2024-10-11 10:54:31] Fuseki     INFO  [56] Filename: classes.ttl, Content-Type=text/turtle, Charset=null => Turtle : Count=1310 Triples=1310 Quads=0
[2024-10-11 10:54:31] Fuseki     INFO  [56] 200 OK (91 ms)
[2024-10-11 10:54:32] Fuseki     INFO  [57] Filename: individuals.ttl, Content-Type=text/turtle, Charset=null => Turtle : Count=37498 Triples=37498 Quads=0
[2024-10-11 10:54:32] Fuseki     INFO  [57] 200 OK (1.102 s)
[2024-10-11 10:54:32] Fuseki     INFO  [58] Filename: properties.ttl, Content-Type=text/turtle, Charset=null => Turtle : Count=959 Triples=959 Quads=0
[2024-10-11 10:54:32] Fuseki     INFO  [58] 200 OK (1.137 s)
[2024-10-11 10:54:35] Fuseki     INFO  [61] GET http://localhost:3030/SystemDesignOntology2Layers/?query=select+%3Fg+(count(*)+as+%3Fcount)+%7Bgraph+%3Fg+%7B%3Fs+%3Fp+%3Fo%7D%7D+group+by+%3Fg
[2024-10-11 10:54:35] Fuseki     INFO  [62] GET http://localhost:3030/SystemDesignOntology2Layers/?query=select+(count(*)+as+%3Fcount)+%7B%3Fs+%3Fp+%3Fo%7D
[2024-10-11 10:54:35] Fuseki     INFO  [62] Query = select (count(*) as ?count) {?s ?p ?o}
[2024-10-11 10:54:35] Fuseki     INFO  [61] Query = select ?g (count(*) as ?count) {graph ?g {?s ?p ?o}} group by ?g
[2024-10-11 10:54:35] Fuseki     INFO  [61] 200 OK (11 ms)
[2024-10-11 10:54:35] Fuseki     INFO  [62] 200 OK (341 ms)
[2024-10-11 10:54:51] Fuseki     INFO  [66] GET http://localhost:3030/SystemDesignOntology2Layers?query=PREFIX%20pm:%20%3Chttp://ua.be/sdo2l/vocabulary/formalisms/pm%23%3E%0ASELECT%20?pm%20WHERE%20%7B%0A%20%20?pm%20a%20pm:Model%20.%0A%7D
[2024-10-11 10:54:51] Fuseki     INFO  [66] Query = PREFIX pm: <http://ua.be/sdo2l/vocabulary/formalisms/pm#> SELECT ?pm WHERE {   ?pm a pm:Model . }
[2024-10-11 10:54:51] Fuseki     INFO  [66] 200 OK (6 ms)
[2024-10-11 10:54:51] Fuseki     INFO  [67] GET http://localhost:3030/SystemDesignOntology2Layers?query=PREFIX%20pm:%20%3Chttp://ua.be/sdo2l/vocabulary/formalisms/pm%23%3E%0APREFIX%20base:%20%3Chttp://ua.be/sdo2l/vocabulary/base%23%3E%0APREFIX%20obj:%20%3Chttp://ua.be/sdo2l/vocabulary/formalisms/object_diagram%23%3E%0ASELECT%20?pm%20?pmName%20WHERE%20%7B%0A%20%20?pm%20a%20pm:Model%20%3B%0A%20%20%09obj:hasName%20?pmName%20.%0A%7D
[2024-10-11 10:54:51] Fuseki     INFO  [67] Query = PREFIX pm: <http://ua.be/sdo2l/vocabulary/formalisms/pm#> PREFIX base: <http://ua.be/sdo2l/vocabulary/base#> PREFIX obj: <http://ua.be/sdo2l/vocabulary/formalisms/object_diagram#> SELECT ?pm ?pmName WHERE {   ?pm a pm:Model ;   	obj:hasName ?pmName . }
[2024-10-11 10:54:51] Fuseki     INFO  [67] 200 OK (11 ms)
[2024-10-11 10:54:55] Fuseki     INFO  [68] GET http://localhost:3030/SystemDesignOntology2Layers?query=PREFIX%20tr:%20%3Chttp://ua.be/sdo2l/vocabulary/formalisms/processtraces%23%3E%0ASELECT%20?trace%20?ts%20?next%20WHERE%20%7B%0A%20%20?trace%20tr:hasTimestamp%20?ts%20.%0A%20%20?trace%20tr:relatesTo%20%3Chttp://ua.be/sdo2l/description/artifacts/MyPM_pm%23model%3E%20.%0A%20%20%7B%20%20%0A%20%20%20%20?trace%20a%20tr:StartTraceEvent%20.%0A%09?trace%20tr:isFollowedBy%2B%20?next%20.%0A%20%20%20%20?next%20a%20?nexttype%20.%0A%09FILTER%20%28?trace%20%21%3D%20?next%29%0A%09FILTER%20NOT%20EXISTS%20%7B?next%20tr:isFollowedBy%20?other%20%20%7D%20.%0A%20%20%20%20FILTER%20%28?nexttype%20IN%20%28tr:StartActivityEvent%2C%20tr:EndActivityEvent%29%29%20.%0A%20%20%7D%0A%20%20UNION%20%0A%20%20%7B%0A%20%20%20%20?trace%20a%20tr:StartTraceEvent%20.%0A%20%20%20%20FILTER%20NOT%20EXISTS%20%7B?trace%20tr:isFollowedBy%20?next%7D%20.%0A%20%20%7D%0A%7D
[2024-10-11 10:54:55] Fuseki     INFO  [68] Query = PREFIX tr: <http://ua.be/sdo2l/vocabulary/formalisms/processtraces#> SELECT ?trace ?ts ?next WHERE {   ?trace tr:hasTimestamp ?ts .   ?trace tr:relatesTo <http://ua.be/sdo2l/description/artifacts/MyPM_pm#model> .   {       ?trace a tr:StartTraceEvent . 	?trace tr:isFollowedBy+ ?next .     ?next a ?nexttype . 	FILTER (?trace != ?next) 	FILTER NOT EXISTS {?next tr:isFollowedBy ?other  } .     FILTER (?nexttype IN (tr:StartActivityEvent, tr:EndActivityEvent)) .   }   UNION    {     ?trace a tr:StartTraceEvent .     FILTER NOT EXISTS {?trace tr:isFollowedBy ?next} .   } }
[2024-10-11 10:54:55] Fuseki     INFO  [68] 200 OK (29 ms)
[2024-10-11 10:54:55] Fuseki     INFO  [69] GET http://localhost:3030/SystemDesignOntology2Layers?query=PREFIX%20pm:%20%3Chttp://ua.be/sdo2l/vocabulary/formalisms/pm%23%3E%0APREFIX%20base:%20%3Chttp://ua.be/sdo2l/vocabulary/base%23%3E%0APREFIX%20obj:%20%3Chttp://ua.be/sdo2l/vocabulary/formalisms/object_diagram%23%3E%0ASELECT%20?pm%20?pmName%20WHERE%20%7B%0A%20%20?pm%20a%20pm:Model%20%3B%0A%20%20%09obj:hasName%20?pmName%20.%0A%7D
[2024-10-11 10:54:55] Fuseki     INFO  [69] Query = PREFIX pm: <http://ua.be/sdo2l/vocabulary/formalisms/pm#> PREFIX base: <http://ua.be/sdo2l/vocabulary/base#> PREFIX obj: <http://ua.be/sdo2l/vocabulary/formalisms/object_diagram#> SELECT ?pm ?pmName WHERE {   ?pm a pm:Model ;   	obj:hasName ?pmName . }
[2024-10-11 10:54:55] Fuseki     INFO  [69] 200 OK (7 ms)
[2024-10-11 10:54:56] Fuseki     INFO  [70] GET http://localhost:3030/SystemDesignOntology2Layers?query=PREFIX%20owl:%20%3Chttp://www.w3.org/2002/07/owl%23%3E%0APREFIX%20pm:%20%3Chttp://ua.be/sdo2l/vocabulary/formalisms/pm%23%3E%0APREFIX%20obj:%20%3Chttp://ua.be/sdo2l/vocabulary/formalisms/object_diagram%23%3E%0ASELECT%20?pm%20?pmName%20WHERE%20%7B%0A%20%20?pm%20a%20pm:Model%20%3B%0A%20%20%09obj:hasName%20?pmName%20%3B%0A%20%20%09owl:sameAs%20%3Chttp://ua.be/sdo2l/description/artifacts/MyPM_pm%23model%3E%20.%0A%7D
[2024-10-11 10:54:56] Fuseki     INFO  [70] Query = PREFIX owl: <http://www.w3.org/2002/07/owl#> PREFIX pm: <http://ua.be/sdo2l/vocabulary/formalisms/pm#> PREFIX obj: <http://ua.be/sdo2l/vocabulary/formalisms/object_diagram#> SELECT ?pm ?pmName WHERE {   ?pm a pm:Model ;   	obj:hasName ?pmName ;   	owl:sameAs <http://ua.be/sdo2l/description/artifacts/MyPM_pm#model> . }
[2024-10-11 10:54:56] Fuseki     INFO  [70] 200 OK (7 ms)
[2024-10-11 10:54:56] Fuseki     INFO  [71] GET http://localhost:3030/SystemDesignOntology2Layers?query=PREFIX%20owl:%20%3Chttp://www.w3.org/2002/07/owl%23%3E%0APREFIX%20pm:%20%3Chttp://ua.be/sdo2l/vocabulary/formalisms/pm%23%3E%0APREFIX%20obj:%20%3Chttp://ua.be/sdo2l/vocabulary/formalisms/object_diagram%23%3E%0ASELECT%20?pm%20?pmName%20WHERE%20%7B%0A%20%20?pm%20a%20pm:Model%20%3B%0A%20%20%09obj:hasName%20?pmName%20%3B%0A%20%20%09owl:sameAs%20%3Chttp://ua.be/sdo2l/description/artifacts/MyPM_pm%23model%3E%20.%0A%7D
[2024-10-11 10:54:56] Fuseki     INFO  [71] Query = PREFIX owl: <http://www.w3.org/2002/07/owl#> PREFIX pm: <http://ua.be/sdo2l/vocabulary/formalisms/pm#> PREFIX obj: <http://ua.be/sdo2l/vocabulary/formalisms/object_diagram#> SELECT ?pm ?pmName WHERE {   ?pm a pm:Model ;   	obj:hasName ?pmName ;   	owl:sameAs <http://ua.be/sdo2l/description/artifacts/MyPM_pm#model> . }
[2024-10-11 10:54:56] Fuseki     INFO  [71] 200 OK (12 ms)
[2024-10-11 10:54:56] Fuseki     INFO  [72] GET http://localhost:3030/SystemDesignOntology2Layers?query=PREFIX%20owl:%20%3Chttp://www.w3.org/2002/07/owl%23%3E%0APREFIX%20pm:%20%3Chttp://ua.be/sdo2l/vocabulary/formalisms/pm%23%3E%0APREFIX%20ob:%20%3Chttp://ua.be/sdo2l/vocabulary/formalisms/object_diagram%23%3E%0ASELECT%20?node%20?nodetype%20WHERE%20%7B%0A%20%20?pm%20a%20pm:Model%20%3B%0A%20%20%09ob:hasName%20?pmName%20%3B%0A%20%20%09owl:sameAs%20%3Chttp://ua.be/sdo2l/description/artifacts/MyPM_pm%23model%3E%20%3B%0A%20%20%09ob:hasObject%20?node%20.%0A%20%20?node%20a%20?nodetype%20.%0A%20%20FILTER%20%28?nodetype%20in%20%28pm:Initial%2C%20pm:Activity%2C%20pm:AutomatedActivity%2C%20pm:Final%2C%20pm:ForkJoin%2C%20pm:Artifact%29%29%20.%20%20%20%20%20%20%0A%7D
[2024-10-11 10:54:56] Fuseki     INFO  [72] Query = PREFIX owl: <http://www.w3.org/2002/07/owl#> PREFIX pm: <http://ua.be/sdo2l/vocabulary/formalisms/pm#> PREFIX ob: <http://ua.be/sdo2l/vocabulary/formalisms/object_diagram#> SELECT ?node ?nodetype WHERE {   ?pm a pm:Model ;   	ob:hasName ?pmName ;   	owl:sameAs <http://ua.be/sdo2l/description/artifacts/MyPM_pm#model> ;   	ob:hasObject ?node .   ?node a ?nodetype .   FILTER (?nodetype in (pm:Initial, pm:Activity, pm:AutomatedActivity, pm:Final, pm:ForkJoin, pm:Artifact)) .       }
[2024-10-11 10:54:56] Fuseki     INFO  [72] 200 OK (57 ms)
[2024-10-11 10:54:56] Fuseki     INFO  [73] GET http://localhost:3030/SystemDesignOntology2Layers?query=PREFIX%20owl:%20%3Chttp://www.w3.org/2002/07/owl%23%3E%0APREFIX%20ftg:%20%3Chttp://ua.be/sdo2l/vocabulary/formalisms/ftg%23%3E%0APREFIX%20base:%20%3Chttp://ua.be/sdo2l/vocabulary/base/base%23%3E%0APREFIX%20pm:%20%3Chttp://ua.be/sdo2l/vocabulary/formalisms/pm%23%3E%0ASELECT%20?act%20?name%20?type%20WHERE%20%7B%0A%09?act%20owl:sameAs%20%3Chttp://ua.be/sdo2l/description/artifacts/MyPM_pm%23activity_0%3E%3B%0A%20%20%20%09%09pm:isTransformation%20?t%20%3B%20%20%0A%20%20%20%09%09pm:hasName%20?name%20.%20%20%0A%20?t%20base:hasGUID%20?type%20.%20%20%0A%7D
[2024-10-11 10:54:56] Fuseki     INFO  [73] Query = PREFIX owl: <http://www.w3.org/2002/07/owl#> PREFIX ftg: <http://ua.be/sdo2l/vocabulary/formalisms/ftg#> PREFIX base: <http://ua.be/sdo2l/vocabulary/base/base#> PREFIX pm: <http://ua.be/sdo2l/vocabulary/formalisms/pm#> SELECT ?act ?name ?type WHERE { 	?act owl:sameAs <http://ua.be/sdo2l/description/artifacts/MyPM_pm#activity_0>;    		pm:isTransformation ?t ;      		pm:hasName ?name .    ?t base:hasGUID ?type .   }
[2024-10-11 10:54:56] Fuseki     INFO  [73] 200 OK (13 ms)
[2024-10-11 10:54:56] Fuseki     INFO  [74] GET http://localhost:3030/SystemDesignOntology2Layers?query=PREFIX%20owl:%20%3Chttp://www.w3.org/2002/07/owl%23%3E%0APREFIX%20pm:%20%3Chttp://ua.be/sdo2l/vocabulary/formalisms/pm%23%3E%0ASELECT%20?port%20?pname%20WHERE%20%7B%0A%09?act%20owl:sameAs%20%3Chttp://ua.be/sdo2l/description/artifacts/MyPM_pm%23activity_0%3E%3B%0A%20%20%20%09%09pm:hasPort%20?port%20.%0A%20%20%09?port%20a%20pm:CtrlInputPort%20.%0A%20%20%09?port%20pm:hasName%20?pname%20.%0A%7D
[2024-10-11 10:54:56] Fuseki     INFO  [74] Query = PREFIX owl: <http://www.w3.org/2002/07/owl#> PREFIX pm: <http://ua.be/sdo2l/vocabulary/formalisms/pm#> SELECT ?port ?pname WHERE { 	?act owl:sameAs <http://ua.be/sdo2l/description/artifacts/MyPM_pm#activity_0>;    		pm:hasPort ?port .   	?port a pm:CtrlInputPort .   	?port pm:hasName ?pname . }
[2024-10-11 10:54:56] Fuseki     INFO  [74] 200 OK (9 ms)
[2024-10-11 10:54:56] Fuseki     INFO  [75] GET http://localhost:3030/SystemDesignOntology2Layers?query=PREFIX%20owl:%20%3Chttp://www.w3.org/2002/07/owl%23%3E%0APREFIX%20pm:%20%3Chttp://ua.be/sdo2l/vocabulary/formalisms/pm%23%3E%0ASELECT%20?port%20?pname%20WHERE%20%7B%0A%09?act%20owl:sameAs%20%3Chttp://ua.be/sdo2l/description/artifacts/MyPM_pm%23activity_0%3E%3B%0A%20%20%20%09%09pm:hasPort%20?port%20.%0A%20%20%09?port%20a%20pm:CtrlOutputPort%20.%0A%20%20%09?port%20pm:hasName%20?pname%20.%0A%7D
[2024-10-11 10:54:56] Fuseki     INFO  [75] Query = PREFIX owl: <http://www.w3.org/2002/07/owl#> PREFIX pm: <http://ua.be/sdo2l/vocabulary/formalisms/pm#> SELECT ?port ?pname WHERE { 	?act owl:sameAs <http://ua.be/sdo2l/description/artifacts/MyPM_pm#activity_0>;    		pm:hasPort ?port .   	?port a pm:CtrlOutputPort .   	?port pm:hasName ?pname . }
[2024-10-11 10:54:56] Fuseki     INFO  [75] 200 OK (12 ms)
[2024-10-11 10:54:56] Fuseki     INFO  [76] GET http://localhost:3030/SystemDesignOntology2Layers?query=PREFIX%20owl:%20%3Chttp://www.w3.org/2002/07/owl%23%3E%0APREFIX%20pm:%20%3Chttp://ua.be/sdo2l/vocabulary/formalisms/pm%23%3E%0ASELECT%20?port%20?pname%20WHERE%20%7B%0A%09?act%20owl:sameAs%20%3Chttp://ua.be/sdo2l/description/artifacts/MyPM_pm%23activity_0%3E%3B%0A%20%20%20%09%09pm:hasPort%20?port%20.%0A%20%20%09?port%20a%20pm:DataInputPort%20.%0A%20%20%09?port%20pm:hasName%20?pname%20.%0A%7D
[2024-10-11 10:54:56] Fuseki     INFO  [76] Query = PREFIX owl: <http://www.w3.org/2002/07/owl#> PREFIX pm: <http://ua.be/sdo2l/vocabulary/formalisms/pm#> SELECT ?port ?pname WHERE { 	?act owl:sameAs <http://ua.be/sdo2l/description/artifacts/MyPM_pm#activity_0>;    		pm:hasPort ?port .   	?port a pm:DataInputPort .   	?port pm:hasName ?pname . }
[2024-10-11 10:54:56] Fuseki     INFO  [76] 200 OK (10 ms)
[2024-10-11 10:54:56] Fuseki     INFO  [77] GET http://localhost:3030/SystemDesignOntology2Layers?query=PREFIX%20owl:%20%3Chttp://www.w3.org/2002/07/owl%23%3E%0APREFIX%20pm:%20%3Chttp://ua.be/sdo2l/vocabulary/formalisms/pm%23%3E%0ASELECT%20?port%20?pname%20WHERE%20%7B%0A%09?act%20owl:sameAs%20%3Chttp://ua.be/sdo2l/description/artifacts/MyPM_pm%23activity_0%3E%3B%0A%20%20%20%09%09pm:hasPort%20?port%20.%0A%20%20%09?port%20a%20pm:DataOutputPort%20.%0A%20%20%09?port%20pm:hasName%20?pname%20.%0A%7D
[2024-10-11 10:54:56] Fuseki     INFO  [77] Query = PREFIX owl: <http://www.w3.org/2002/07/owl#> PREFIX pm: <http://ua.be/sdo2l/vocabulary/formalisms/pm#> SELECT ?port ?pname WHERE { 	?act owl:sameAs <http://ua.be/sdo2l/description/artifacts/MyPM_pm#activity_0>;    		pm:hasPort ?port .   	?port a pm:DataOutputPort .   	?port pm:hasName ?pname . }
[2024-10-11 10:54:56] Fuseki     INFO  [77] 200 OK (7 ms)
[2024-10-11 10:54:56] Fuseki     INFO  [78] GET http://localhost:3030/SystemDesignOntology2Layers?query=PREFIX%20owl:%20%3Chttp://www.w3.org/2002/07/owl%23%3E%0APREFIX%20ftg:%20%3Chttp://ua.be/sdo2l/vocabulary/formalisms/ftg%23%3E%0APREFIX%20base:%20%3Chttp://ua.be/sdo2l/vocabulary/base/base%23%3E%0APREFIX%20pm:%20%3Chttp://ua.be/sdo2l/vocabulary/formalisms/pm%23%3E%0ASELECT%20?act%20?name%20?type%20WHERE%20%7B%0A%09?act%20owl:sameAs%20%3Chttp://ua.be/sdo2l/description/artifacts/MyPM_pm%23activity_1%3E%3B%0A%20%20%20%09%09pm:isTransformation%20?t%20%3B%20%20%0A%20%20%20%09%09pm:hasName%20?name%20.%20%20%0A%20?t%20base:hasGUID%20?type%20.%20%20%0A%7D
[2024-10-11 10:54:56] Fuseki     INFO  [78] Query = PREFIX owl: <http://www.w3.org/2002/07/owl#> PREFIX ftg: <http://ua.be/sdo2l/vocabulary/formalisms/ftg#> PREFIX base: <http://ua.be/sdo2l/vocabulary/base/base#> PREFIX pm: <http://ua.be/sdo2l/vocabulary/formalisms/pm#> SELECT ?act ?name ?type WHERE { 	?act owl:sameAs <http://ua.be/sdo2l/description/artifacts/MyPM_pm#activity_1>;    		pm:isTransformation ?t ;      		pm:hasName ?name .    ?t base:hasGUID ?type .   }
[2024-10-11 10:54:56] Fuseki     INFO  [78] 200 OK (6 ms)
[2024-10-11 10:54:56] Fuseki     INFO  [79] GET http://localhost:3030/SystemDesignOntology2Layers?query=PREFIX%20owl:%20%3Chttp://www.w3.org/2002/07/owl%23%3E%0APREFIX%20pm:%20%3Chttp://ua.be/sdo2l/vocabulary/formalisms/pm%23%3E%0ASELECT%20?port%20?pname%20WHERE%20%7B%0A%09?act%20owl:sameAs%20%3Chttp://ua.be/sdo2l/description/artifacts/MyPM_pm%23activity_1%3E%3B%0A%20%20%20%09%09pm:hasPort%20?port%20.%0A%20%20%09?port%20a%20pm:CtrlInputPort%20.%0A%20%20%09?port%20pm:hasName%20?pname%20.%0A%7D
[2024-10-11 10:54:56] Fuseki     INFO  [79] Query = PREFIX owl: <http://www.w3.org/2002/07/owl#> PREFIX pm: <http://ua.be/sdo2l/vocabulary/formalisms/pm#> SELECT ?port ?pname WHERE { 	?act owl:sameAs <http://ua.be/sdo2l/description/artifacts/MyPM_pm#activity_1>;    		pm:hasPort ?port .   	?port a pm:CtrlInputPort .   	?port pm:hasName ?pname . }
[2024-10-11 10:54:56] Fuseki     INFO  [79] 200 OK (4 ms)
[2024-10-11 10:54:56] Fuseki     INFO  [80] GET http://localhost:3030/SystemDesignOntology2Layers?query=PREFIX%20owl:%20%3Chttp://www.w3.org/2002/07/owl%23%3E%0APREFIX%20pm:%20%3Chttp://ua.be/sdo2l/vocabulary/formalisms/pm%23%3E%0ASELECT%20?port%20?pname%20WHERE%20%7B%0A%09?act%20owl:sameAs%20%3Chttp://ua.be/sdo2l/description/artifacts/MyPM_pm%23activity_1%3E%3B%0A%20%20%20%09%09pm:hasPort%20?port%20.%0A%20%20%09?port%20a%20pm:CtrlOutputPort%20.%0A%20%20%09?port%20pm:hasName%20?pname%20.%0A%7D
[2024-10-11 10:54:56] Fuseki     INFO  [80] Query = PREFIX owl: <http://www.w3.org/2002/07/owl#> PREFIX pm: <http://ua.be/sdo2l/vocabulary/formalisms/pm#> SELECT ?port ?pname WHERE { 	?act owl:sameAs <http://ua.be/sdo2l/description/artifacts/MyPM_pm#activity_1>;    		pm:hasPort ?port .   	?port a pm:CtrlOutputPort .   	?port pm:hasName ?pname . }
[2024-10-11 10:54:56] Fuseki     INFO  [80] 200 OK (5 ms)
[2024-10-11 10:54:56] Fuseki     INFO  [81] GET http://localhost:3030/SystemDesignOntology2Layers?query=PREFIX%20owl:%20%3Chttp://www.w3.org/2002/07/owl%23%3E%0APREFIX%20pm:%20%3Chttp://ua.be/sdo2l/vocabulary/formalisms/pm%23%3E%0ASELECT%20?port%20?pname%20WHERE%20%7B%0A%09?act%20owl:sameAs%20%3Chttp://ua.be/sdo2l/description/artifacts/MyPM_pm%23activity_1%3E%3B%0A%20%20%20%09%09pm:hasPort%20?port%20.%0A%20%20%09?port%20a%20pm:DataInputPort%20.%0A%20%20%09?port%20pm:hasName%20?pname%20.%0A%7D
[2024-10-11 10:54:56] Fuseki     INFO  [81] Query = PREFIX owl: <http://www.w3.org/2002/07/owl#> PREFIX pm: <http://ua.be/sdo2l/vocabulary/formalisms/pm#> SELECT ?port ?pname WHERE { 	?act owl:sameAs <http://ua.be/sdo2l/description/artifacts/MyPM_pm#activity_1>;    		pm:hasPort ?port .   	?port a pm:DataInputPort .   	?port pm:hasName ?pname . }
[2024-10-11 10:54:56] Fuseki     INFO  [81] 200 OK (5 ms)
[2024-10-11 10:54:56] Fuseki     INFO  [82] GET http://localhost:3030/SystemDesignOntology2Layers?query=PREFIX%20owl:%20%3Chttp://www.w3.org/2002/07/owl%23%3E%0APREFIX%20pm:%20%3Chttp://ua.be/sdo2l/vocabulary/formalisms/pm%23%3E%0ASELECT%20?port%20?pname%20WHERE%20%7B%0A%09?act%20owl:sameAs%20%3Chttp://ua.be/sdo2l/description/artifacts/MyPM_pm%23activity_1%3E%3B%0A%20%20%20%09%09pm:hasPort%20?port%20.%0A%20%20%09?port%20a%20pm:DataOutputPort%20.%0A%20%20%09?port%20pm:hasName%20?pname%20.%0A%7D
[2024-10-11 10:54:56] Fuseki     INFO  [82] Query = PREFIX owl: <http://www.w3.org/2002/07/owl#> PREFIX pm: <http://ua.be/sdo2l/vocabulary/formalisms/pm#> SELECT ?port ?pname WHERE { 	?act owl:sameAs <http://ua.be/sdo2l/description/artifacts/MyPM_pm#activity_1>;    		pm:hasPort ?port .   	?port a pm:DataOutputPort .   	?port pm:hasName ?pname . }
[2024-10-11 10:54:56] Fuseki     INFO  [82] 200 OK (4 ms)
[2024-10-11 10:54:56] Fuseki     INFO  [83] GET http://localhost:3030/SystemDesignOntology2Layers?query=PREFIX%20owl:%20%3Chttp://www.w3.org/2002/07/owl%23%3E%0APREFIX%20pm:%20%3Chttp://ua.be/sdo2l/vocabulary/formalisms/pm%23%3E%0APREFIX%20base:%20%3Chttp://ua.be/sdo2l/vocabulary/base/base%23%3E%0ASELECT%20?art%20?name%20?typename%20WHERE%20%7B%0A%09?art%20owl:sameAs%20%3Chttp://ua.be/sdo2l/description/artifacts/MyPM_pm%23artifact_0%3E%20.%0A%20?art%09pm:hasName%20?name%20.%0A%20?art%20%20%09pm:hasType%20?type%20.%0A%20?type%20base:hasGUID%20?typename%20.%0A%7D
[2024-10-11 10:54:56] Fuseki     INFO  [83] Query = PREFIX owl: <http://www.w3.org/2002/07/owl#> PREFIX pm: <http://ua.be/sdo2l/vocabulary/formalisms/pm#> PREFIX base: <http://ua.be/sdo2l/vocabulary/base/base#> SELECT ?art ?name ?typename WHERE { 	?art owl:sameAs <http://ua.be/sdo2l/description/artifacts/MyPM_pm#artifact_0> .  ?art	pm:hasName ?name .  ?art  	pm:hasType ?type .  ?type base:hasGUID ?typename . }
[2024-10-11 10:54:56] Fuseki     INFO  [83] 200 OK (10 ms)
[2024-10-11 10:54:56] Fuseki     INFO  [84] GET http://localhost:3030/SystemDesignOntology2Layers?query=PREFIX%20pm:%20%3Chttp://ua.be/sdo2l/vocabulary/formalisms/pm%23%3E%0APREFIX%20owl:%20%3Chttp://www.w3.org/2002/07/owl%23%3E%0ASELECT%20%20?outport%20?art%0AWHERE%20%7B%20%0A%20%20?outport%20owl:sameAs%20%3Chttp://ua.be/sdo2l/description/artifacts/MyPM_pm%23activity_0_port_2%3E%20.%0A%20%20?outport%20pm:dataTo%20?art%20.%0A%7D
[2024-10-11 10:54:56] Fuseki     INFO  [84] Query = PREFIX pm: <http://ua.be/sdo2l/vocabulary/formalisms/pm#> PREFIX owl: <http://www.w3.org/2002/07/owl#> SELECT  ?outport ?art WHERE {    ?outport owl:sameAs <http://ua.be/sdo2l/description/artifacts/MyPM_pm#activity_0_port_2> .   ?outport pm:dataTo ?art . }
[2024-10-11 10:54:56] Fuseki     INFO  [84] 200 OK (5 ms)
[2024-10-11 10:54:56] Fuseki     INFO  [85] GET http://localhost:3030/SystemDesignOntology2Layers?query=PREFIX%20pm:%20%3Chttp://ua.be/sdo2l/vocabulary/formalisms/pm%23%3E%0APREFIX%20owl:%20%3Chttp://www.w3.org/2002/07/owl%23%3E%0ASELECT%20%20?inport%20?art%0AWHERE%20%7B%20%0A%20%20?inport%20owl:sameAs%20%3Chttp://ua.be/sdo2l/description/artifacts/MyPM_pm%23activity_1_port_2%3E%20.%0A%20%20?inport%20pm:dataFrom%20?art%20.%0A%7D
[2024-10-11 10:54:56] Fuseki     INFO  [85] Query = PREFIX pm: <http://ua.be/sdo2l/vocabulary/formalisms/pm#> PREFIX owl: <http://www.w3.org/2002/07/owl#> SELECT  ?inport ?art WHERE {    ?inport owl:sameAs <http://ua.be/sdo2l/description/artifacts/MyPM_pm#activity_1_port_2> .   ?inport pm:dataFrom ?art . }
[2024-10-11 10:54:56] Fuseki     INFO  [85] 200 OK (5 ms)
[2024-10-11 10:54:56] Fuseki     INFO  [86] GET http://localhost:3030/SystemDesignOntology2Layers?query=PREFIX%20owl:%20%3Chttp://www.w3.org/2002/07/owl%23%3E%0APREFIX%20pm:%20%3Chttp://ua.be/sdo2l/vocabulary/formalisms/pm%23%3E%0ASELECT%20?next%20?nodetype%20?act%0AWHERE%20%7B%20%0A%20%20?node%20owl:sameAs%3Chttp://ua.be/sdo2l/description/artifacts/MyPM_pm%23initial%3E.%0A%20%20?node%20pm:ctrlTo%20?next.%0A%20%20?next%20a%20?nodetype%20%3B%0A%09FILTER%20%28?nodetype%20in%20%28pm:CtrlInputPort%2C%20pm:Final%2Cpm:ForkJoin%29%29%20%0A%09OPTIONAL%20%7B%0A%09%09?next%20pm:ofActivity%20?act%20.%0A%09%7D%0A%7D
[2024-10-11 10:54:56] Fuseki     INFO  [86] Query = PREFIX owl: <http://www.w3.org/2002/07/owl#> PREFIX pm: <http://ua.be/sdo2l/vocabulary/formalisms/pm#> SELECT ?next ?nodetype ?act WHERE {    ?node owl:sameAs<http://ua.be/sdo2l/description/artifacts/MyPM_pm#initial>.   ?node pm:ctrlTo ?next.   ?next a ?nodetype ; 	FILTER (?nodetype in (pm:CtrlInputPort, pm:Final,pm:ForkJoin))  	OPTIONAL { 		?next pm:ofActivity ?act . 	} }
[2024-10-11 10:54:56] Fuseki     INFO  [86] 200 OK (10 ms)
[2024-10-11 10:54:56] Fuseki     INFO  [87] GET http://localhost:3030/SystemDesignOntology2Layers?query=PREFIX%20owl:%20%3Chttp://www.w3.org/2002/07/owl%23%3E%0APREFIX%20pm:%20%3Chttp://ua.be/sdo2l/vocabulary/formalisms/pm%23%3E%0ASELECT%20?next%20?nodetype%20?act%0AWHERE%20%7B%20%0A%20%20?node%20owl:sameAs%3Chttp://ua.be/sdo2l/description/artifacts/MyPM_pm%23final%3E.%0A%20%20?node%20pm:ctrlFrom%20?next.%0A%20%20?next%20a%20?nodetype%20%3B%0A%09FILTER%20%28?nodetype%20in%20%28pm:CtrlOutputPort%2C%20pm:Initial%2C%20pm:Final%2Cpm:ForkJoin%29%29%20%0A%09OPTIONAL%20%7B%0A%09%09?next%20pm:ofActivity%20?act%20.%0A%09%7D%0A%7D
[2024-10-11 10:54:56] Fuseki     INFO  [87] Query = PREFIX owl: <http://www.w3.org/2002/07/owl#> PREFIX pm: <http://ua.be/sdo2l/vocabulary/formalisms/pm#> SELECT ?next ?nodetype ?act WHERE {    ?node owl:sameAs<http://ua.be/sdo2l/description/artifacts/MyPM_pm#final>.   ?node pm:ctrlFrom ?next.   ?next a ?nodetype ; 	FILTER (?nodetype in (pm:CtrlOutputPort, pm:Initial, pm:Final,pm:ForkJoin))  	OPTIONAL { 		?next pm:ofActivity ?act . 	} }
[2024-10-11 10:54:56] Fuseki     INFO  [87] 200 OK (6 ms)
[2024-10-11 10:54:56] Fuseki     INFO  [88] GET http://localhost:3030/SystemDesignOntology2Layers?query=PREFIX%20tr:%20%3Chttp://ua.be/sdo2l/vocabulary/formalisms/processtraces%23%3E%0ASELECT%20?pt%20%20WHERE%20%7B%0A%09?pt%20a%20tr:StartTraceEvent%20%3B%0A%20%20%09%09tr:relatesTo%20%3Chttp://ua.be/sdo2l/description/artifacts/MyPM_pm%23model%3E%20.%0A%7D
[2024-10-11 10:54:56] Fuseki     INFO  [88] Query = PREFIX tr: <http://ua.be/sdo2l/vocabulary/formalisms/processtraces#> SELECT ?pt  WHERE { 	?pt a tr:StartTraceEvent ;   		tr:relatesTo <http://ua.be/sdo2l/description/artifacts/MyPM_pm#model> . }
[2024-10-11 10:54:56] Fuseki     INFO  [88] 200 OK (5 ms)
[2024-10-11 10:54:56] Fuseki     INFO  [89] POST http://localhost:3030/SystemDesignOntology2Layers
[2024-10-11 10:54:56] Fuseki     INFO  [89] Update
[2024-10-11 10:54:56] Fuseki     INFO  [89] 204 No Content (15 ms)
[2024-10-11 10:54:56] Fuseki     INFO  [90] GET http://localhost:3030/SystemDesignOntology2Layers?query=PREFIX%20tr:%20%3Chttp://ua.be/sdo2l/vocabulary/formalisms/processtraces%23%3E%0APREFIX%20owl:%20%3Chttp://www.w3.org/2002/07/owl%23%3E%0ASELECT%20?ts%20%20WHERE%20%7B%0A%09?pt%20a%20tr:StartTraceEvent%20%3B%0A%20%20%09%09tr:hasTimestamp%20?ts%20%3B%0A%20%20%09%09owl:sameAs%20%3Chttp://ua.be/sdo2l/description/artifacts/MyPM_pm/traces%23pt_0%3E%20.%0A%7D
[2024-10-11 10:54:56] Fuseki     INFO  [90] Query = PREFIX tr: <http://ua.be/sdo2l/vocabulary/formalisms/processtraces#> PREFIX owl: <http://www.w3.org/2002/07/owl#> SELECT ?ts  WHERE { 	?pt a tr:StartTraceEvent ;   		tr:hasTimestamp ?ts ;   		owl:sameAs <http://ua.be/sdo2l/description/artifacts/MyPM_pm/traces#pt_0> . }
[2024-10-11 10:54:56] Fuseki     INFO  [90] 200 OK (3 ms)
[2024-10-11 10:54:56] Fuseki     INFO  [91] GET http://localhost:3030/SystemDesignOntology2Layers?query=PREFIX%20owl:%20%3Chttp://www.w3.org/2002/07/owl%23%3E%0APREFIX%20pm:%20%3Chttp://ua.be/sdo2l/vocabulary/formalisms/pm%23%3E%0ASELECT%20?e%20?nodetype%20?act%20WHERE%20%7B%0A%20%20?node%20owl:sameAs%20%3Chttp://ua.be/sdo2l/description/artifacts/MyPM_pm%23initial%3E%20.%0A%20%20?node%20pm:ctrlTo%20?e%20.%0A%20%20?e%20a%20?nodetype%20%3B%0A%20%20FILTER%20%28?nodetype%20in%20%28pm:CtrlInputPort%2C%20pm:Final%2C%20pm:ForkJoin%29%29%20%0A%09%20OPTIONAL%20%7B%0A%09%09?e%20pm:ofActivity%20?act%20.%0A%09%20%7D%0A%7D
[2024-10-11 10:54:56] Fuseki     INFO  [91] Query = PREFIX owl: <http://www.w3.org/2002/07/owl#> PREFIX pm: <http://ua.be/sdo2l/vocabulary/formalisms/pm#> SELECT ?e ?nodetype ?act WHERE {   ?node owl:sameAs <http://ua.be/sdo2l/description/artifacts/MyPM_pm#initial> .   ?node pm:ctrlTo ?e .   ?e a ?nodetype ;   FILTER (?nodetype in (pm:CtrlInputPort, pm:Final, pm:ForkJoin))  	 OPTIONAL { 		?e pm:ofActivity ?act . 	 } }
[2024-10-11 10:54:56] Fuseki     INFO  [91] 200 OK (7 ms)
[2024-10-11 10:58:10] Fuseki     INFO  [92] GET http://localhost:3030/SystemDesignOntology2Layers?query=PREFIX%20owl:%20%3Chttp://www.w3.org/2002/07/owl%23%3E%0APREFIX%20pm:%20%3Chttp://ua.be/sdo2l/vocabulary/formalisms/pm%23%3E%0APREFIX%20obj:%20%3Chttp://ua.be/sdo2l/vocabulary/formalisms/object_diagram%23%3E%0ASELECT%20?pm%20?pmName%20WHERE%20%7B%0A%20%20?pm%20a%20pm:Model%20%3B%0A%20%20%09obj:hasName%20?pmName%20%3B%0A%20%20%09owl:sameAs%20%3Chttp://ua.be/sdo2l/description/artifacts/MyPM_pm%23model%3E%20.%0A%7D
[2024-10-11 10:58:10] Fuseki     INFO  [92] Query = PREFIX owl: <http://www.w3.org/2002/07/owl#> PREFIX pm: <http://ua.be/sdo2l/vocabulary/formalisms/pm#> PREFIX obj: <http://ua.be/sdo2l/vocabulary/formalisms/object_diagram#> SELECT ?pm ?pmName WHERE {   ?pm a pm:Model ;   	obj:hasName ?pmName ;   	owl:sameAs <http://ua.be/sdo2l/description/artifacts/MyPM_pm#model> . }
[2024-10-11 10:58:10] Fuseki     INFO  [92] 200 OK (4 ms)
[2024-10-11 10:58:10] Fuseki     INFO  [93] GET http://localhost:3030/SystemDesignOntology2Layers?query=PREFIX%20owl:%20%3Chttp://www.w3.org/2002/07/owl%23%3E%0APREFIX%20pm:%20%3Chttp://ua.be/sdo2l/vocabulary/formalisms/pm%23%3E%0APREFIX%20obj:%20%3Chttp://ua.be/sdo2l/vocabulary/formalisms/object_diagram%23%3E%0ASELECT%20?pm%20?pmName%20WHERE%20%7B%0A%20%20?pm%20a%20pm:Model%20%3B%0A%20%20%09obj:hasName%20?pmName%20%3B%0A%20%20%09owl:sameAs%20%3Chttp://ua.be/sdo2l/description/artifacts/MyPM_pm%23model%3E%20.%0A%7D
[2024-10-11 10:58:10] Fuseki     INFO  [93] Query = PREFIX owl: <http://www.w3.org/2002/07/owl#> PREFIX pm: <http://ua.be/sdo2l/vocabulary/formalisms/pm#> PREFIX obj: <http://ua.be/sdo2l/vocabulary/formalisms/object_diagram#> SELECT ?pm ?pmName WHERE {   ?pm a pm:Model ;   	obj:hasName ?pmName ;   	owl:sameAs <http://ua.be/sdo2l/description/artifacts/MyPM_pm#model> . }
[2024-10-11 10:58:10] Fuseki     INFO  [93] 200 OK (8 ms)
[2024-10-11 10:58:10] Fuseki     INFO  [94] GET http://localhost:3030/SystemDesignOntology2Layers?query=PREFIX%20owl:%20%3Chttp://www.w3.org/2002/07/owl%23%3E%0APREFIX%20pm:%20%3Chttp://ua.be/sdo2l/vocabulary/formalisms/pm%23%3E%0APREFIX%20ob:%20%3Chttp://ua.be/sdo2l/vocabulary/formalisms/object_diagram%23%3E%0ASELECT%20?node%20?nodetype%20WHERE%20%7B%0A%20%20?pm%20a%20pm:Model%20%3B%0A%20%20%09ob:hasName%20?pmName%20%3B%0A%20%20%09owl:sameAs%20%3Chttp://ua.be/sdo2l/description/artifacts/MyPM_pm%23model%3E%20%3B%0A%20%20%09ob:hasObject%20?node%20.%0A%20%20?node%20a%20?nodetype%20.%0A%20%20FILTER%20%28?nodetype%20in%20%28pm:Initial%2C%20pm:Activity%2C%20pm:AutomatedActivity%2C%20pm:Final%2C%20pm:ForkJoin%2C%20pm:Artifact%29%29%20.%20%20%20%20%20%20%0A%7D
[2024-10-11 10:58:10] Fuseki     INFO  [94] Query = PREFIX owl: <http://www.w3.org/2002/07/owl#> PREFIX pm: <http://ua.be/sdo2l/vocabulary/formalisms/pm#> PREFIX ob: <http://ua.be/sdo2l/vocabulary/formalisms/object_diagram#> SELECT ?node ?nodetype WHERE {   ?pm a pm:Model ;   	ob:hasName ?pmName ;   	owl:sameAs <http://ua.be/sdo2l/description/artifacts/MyPM_pm#model> ;   	ob:hasObject ?node .   ?node a ?nodetype .   FILTER (?nodetype in (pm:Initial, pm:Activity, pm:AutomatedActivity, pm:Final, pm:ForkJoin, pm:Artifact)) .       }
[2024-10-11 10:58:10] Fuseki     INFO  [94] 200 OK (12 ms)
[2024-10-11 10:58:10] Fuseki     INFO  [95] GET http://localhost:3030/SystemDesignOntology2Layers?query=PREFIX%20owl:%20%3Chttp://www.w3.org/2002/07/owl%23%3E%0APREFIX%20ftg:%20%3Chttp://ua.be/sdo2l/vocabulary/formalisms/ftg%23%3E%0APREFIX%20base:%20%3Chttp://ua.be/sdo2l/vocabulary/base/base%23%3E%0APREFIX%20pm:%20%3Chttp://ua.be/sdo2l/vocabulary/formalisms/pm%23%3E%0ASELECT%20?act%20?name%20?type%20WHERE%20%7B%0A%09?act%20owl:sameAs%20%3Chttp://ua.be/sdo2l/description/artifacts/MyPM_pm%23activity_0%3E%3B%0A%20%20%20%09%09pm:isTransformation%20?t%20%3B%20%20%0A%20%20%20%09%09pm:hasName%20?name%20.%20%20%0A%20?t%20base:hasGUID%20?type%20.%20%20%0A%7D
[2024-10-11 10:58:10] Fuseki     INFO  [95] Query = PREFIX owl: <http://www.w3.org/2002/07/owl#> PREFIX ftg: <http://ua.be/sdo2l/vocabulary/formalisms/ftg#> PREFIX base: <http://ua.be/sdo2l/vocabulary/base/base#> PREFIX pm: <http://ua.be/sdo2l/vocabulary/formalisms/pm#> SELECT ?act ?name ?type WHERE { 	?act owl:sameAs <http://ua.be/sdo2l/description/artifacts/MyPM_pm#activity_0>;    		pm:isTransformation ?t ;      		pm:hasName ?name .    ?t base:hasGUID ?type .   }
[2024-10-11 10:58:10] Fuseki     INFO  [95] 200 OK (8 ms)
[2024-10-11 10:58:10] Fuseki     INFO  [96] GET http://localhost:3030/SystemDesignOntology2Layers?query=PREFIX%20owl:%20%3Chttp://www.w3.org/2002/07/owl%23%3E%0APREFIX%20pm:%20%3Chttp://ua.be/sdo2l/vocabulary/formalisms/pm%23%3E%0ASELECT%20?port%20?pname%20WHERE%20%7B%0A%09?act%20owl:sameAs%20%3Chttp://ua.be/sdo2l/description/artifacts/MyPM_pm%23activity_0%3E%3B%0A%20%20%20%09%09pm:hasPort%20?port%20.%0A%20%20%09?port%20a%20pm:CtrlInputPort%20.%0A%20%20%09?port%20pm:hasName%20?pname%20.%0A%7D
[2024-10-11 10:58:10] Fuseki     INFO  [96] Query = PREFIX owl: <http://www.w3.org/2002/07/owl#> PREFIX pm: <http://ua.be/sdo2l/vocabulary/formalisms/pm#> SELECT ?port ?pname WHERE { 	?act owl:sameAs <http://ua.be/sdo2l/description/artifacts/MyPM_pm#activity_0>;    		pm:hasPort ?port .   	?port a pm:CtrlInputPort .   	?port pm:hasName ?pname . }
[2024-10-11 10:58:10] Fuseki     INFO  [96] 200 OK (8 ms)
[2024-10-11 10:58:11] Fuseki     INFO  [97] GET http://localhost:3030/SystemDesignOntology2Layers?query=PREFIX%20owl:%20%3Chttp://www.w3.org/2002/07/owl%23%3E%0APREFIX%20pm:%20%3Chttp://ua.be/sdo2l/vocabulary/formalisms/pm%23%3E%0ASELECT%20?port%20?pname%20WHERE%20%7B%0A%09?act%20owl:sameAs%20%3Chttp://ua.be/sdo2l/description/artifacts/MyPM_pm%23activity_0%3E%3B%0A%20%20%20%09%09pm:hasPort%20?port%20.%0A%20%20%09?port%20a%20pm:CtrlOutputPort%20.%0A%20%20%09?port%20pm:hasName%20?pname%20.%0A%7D
[2024-10-11 10:58:11] Fuseki     INFO  [97] Query = PREFIX owl: <http://www.w3.org/2002/07/owl#> PREFIX pm: <http://ua.be/sdo2l/vocabulary/formalisms/pm#> SELECT ?port ?pname WHERE { 	?act owl:sameAs <http://ua.be/sdo2l/description/artifacts/MyPM_pm#activity_0>;    		pm:hasPort ?port .   	?port a pm:CtrlOutputPort .   	?port pm:hasName ?pname . }
[2024-10-11 10:58:11] Fuseki     INFO  [97] 200 OK (9 ms)
[2024-10-11 10:58:11] Fuseki     INFO  [98] GET http://localhost:3030/SystemDesignOntology2Layers?query=PREFIX%20owl:%20%3Chttp://www.w3.org/2002/07/owl%23%3E%0APREFIX%20pm:%20%3Chttp://ua.be/sdo2l/vocabulary/formalisms/pm%23%3E%0ASELECT%20?port%20?pname%20WHERE%20%7B%0A%09?act%20owl:sameAs%20%3Chttp://ua.be/sdo2l/description/artifacts/MyPM_pm%23activity_0%3E%3B%0A%20%20%20%09%09pm:hasPort%20?port%20.%0A%20%20%09?port%20a%20pm:DataInputPort%20.%0A%20%20%09?port%20pm:hasName%20?pname%20.%0A%7D
[2024-10-11 10:58:11] Fuseki     INFO  [98] Query = PREFIX owl: <http://www.w3.org/2002/07/owl#> PREFIX pm: <http://ua.be/sdo2l/vocabulary/formalisms/pm#> SELECT ?port ?pname WHERE { 	?act owl:sameAs <http://ua.be/sdo2l/description/artifacts/MyPM_pm#activity_0>;    		pm:hasPort ?port .   	?port a pm:DataInputPort .   	?port pm:hasName ?pname . }
[2024-10-11 10:58:11] Fuseki     INFO  [98] 200 OK (7 ms)
[2024-10-11 10:58:11] Fuseki     INFO  [99] GET http://localhost:3030/SystemDesignOntology2Layers?query=PREFIX%20owl:%20%3Chttp://www.w3.org/2002/07/owl%23%3E%0APREFIX%20pm:%20%3Chttp://ua.be/sdo2l/vocabulary/formalisms/pm%23%3E%0ASELECT%20?port%20?pname%20WHERE%20%7B%0A%09?act%20owl:sameAs%20%3Chttp://ua.be/sdo2l/description/artifacts/MyPM_pm%23activity_0%3E%3B%0A%20%20%20%09%09pm:hasPort%20?port%20.%0A%20%20%09?port%20a%20pm:DataOutputPort%20.%0A%20%20%09?port%20pm:hasName%20?pname%20.%0A%7D
[2024-10-11 10:58:11] Fuseki     INFO  [99] Query = PREFIX owl: <http://www.w3.org/2002/07/owl#> PREFIX pm: <http://ua.be/sdo2l/vocabulary/formalisms/pm#> SELECT ?port ?pname WHERE { 	?act owl:sameAs <http://ua.be/sdo2l/description/artifacts/MyPM_pm#activity_0>;    		pm:hasPort ?port .   	?port a pm:DataOutputPort .   	?port pm:hasName ?pname . }
[2024-10-11 10:58:11] Fuseki     INFO  [99] 200 OK (8 ms)
[2024-10-11 10:58:11] Fuseki     INFO  [100] GET http://localhost:3030/SystemDesignOntology2Layers?query=PREFIX%20owl:%20%3Chttp://www.w3.org/2002/07/owl%23%3E%0APREFIX%20ftg:%20%3Chttp://ua.be/sdo2l/vocabulary/formalisms/ftg%23%3E%0APREFIX%20base:%20%3Chttp://ua.be/sdo2l/vocabulary/base/base%23%3E%0APREFIX%20pm:%20%3Chttp://ua.be/sdo2l/vocabulary/formalisms/pm%23%3E%0ASELECT%20?act%20?name%20?type%20WHERE%20%7B%0A%09?act%20owl:sameAs%20%3Chttp://ua.be/sdo2l/description/artifacts/MyPM_pm%23activity_1%3E%3B%0A%20%20%20%09%09pm:isTransformation%20?t%20%3B%20%20%0A%20%20%20%09%09pm:hasName%20?name%20.%20%20%0A%20?t%20base:hasGUID%20?type%20.%20%20%0A%7D
[2024-10-11 10:58:11] Fuseki     INFO  [100] Query = PREFIX owl: <http://www.w3.org/2002/07/owl#> PREFIX ftg: <http://ua.be/sdo2l/vocabulary/formalisms/ftg#> PREFIX base: <http://ua.be/sdo2l/vocabulary/base/base#> PREFIX pm: <http://ua.be/sdo2l/vocabulary/formalisms/pm#> SELECT ?act ?name ?type WHERE { 	?act owl:sameAs <http://ua.be/sdo2l/description/artifacts/MyPM_pm#activity_1>;    		pm:isTransformation ?t ;      		pm:hasName ?name .    ?t base:hasGUID ?type .   }
[2024-10-11 10:58:11] Fuseki     INFO  [100] 200 OK (6 ms)
[2024-10-11 10:58:11] Fuseki     INFO  [101] GET http://localhost:3030/SystemDesignOntology2Layers?query=PREFIX%20owl:%20%3Chttp://www.w3.org/2002/07/owl%23%3E%0APREFIX%20pm:%20%3Chttp://ua.be/sdo2l/vocabulary/formalisms/pm%23%3E%0ASELECT%20?port%20?pname%20WHERE%20%7B%0A%09?act%20owl:sameAs%20%3Chttp://ua.be/sdo2l/description/artifacts/MyPM_pm%23activity_1%3E%3B%0A%20%20%20%09%09pm:hasPort%20?port%20.%0A%20%20%09?port%20a%20pm:CtrlInputPort%20.%0A%20%20%09?port%20pm:hasName%20?pname%20.%0A%7D
[2024-10-11 10:58:11] Fuseki     INFO  [101] Query = PREFIX owl: <http://www.w3.org/2002/07/owl#> PREFIX pm: <http://ua.be/sdo2l/vocabulary/formalisms/pm#> SELECT ?port ?pname WHERE { 	?act owl:sameAs <http://ua.be/sdo2l/description/artifacts/MyPM_pm#activity_1>;    		pm:hasPort ?port .   	?port a pm:CtrlInputPort .   	?port pm:hasName ?pname . }
[2024-10-11 10:58:11] Fuseki     INFO  [101] 200 OK (5 ms)
[2024-10-11 10:58:11] Fuseki     INFO  [102] GET http://localhost:3030/SystemDesignOntology2Layers?query=PREFIX%20owl:%20%3Chttp://www.w3.org/2002/07/owl%23%3E%0APREFIX%20pm:%20%3Chttp://ua.be/sdo2l/vocabulary/formalisms/pm%23%3E%0ASELECT%20?port%20?pname%20WHERE%20%7B%0A%09?act%20owl:sameAs%20%3Chttp://ua.be/sdo2l/description/artifacts/MyPM_pm%23activity_1%3E%3B%0A%20%20%20%09%09pm:hasPort%20?port%20.%0A%20%20%09?port%20a%20pm:CtrlOutputPort%20.%0A%20%20%09?port%20pm:hasName%20?pname%20.%0A%7D
[2024-10-11 10:58:11] Fuseki     INFO  [102] Query = PREFIX owl: <http://www.w3.org/2002/07/owl#> PREFIX pm: <http://ua.be/sdo2l/vocabulary/formalisms/pm#> SELECT ?port ?pname WHERE { 	?act owl:sameAs <http://ua.be/sdo2l/description/artifacts/MyPM_pm#activity_1>;    		pm:hasPort ?port .   	?port a pm:CtrlOutputPort .   	?port pm:hasName ?pname . }
[2024-10-11 10:58:11] Fuseki     INFO  [102] 200 OK (5 ms)
[2024-10-11 10:58:11] Fuseki     INFO  [103] GET http://localhost:3030/SystemDesignOntology2Layers?query=PREFIX%20owl:%20%3Chttp://www.w3.org/2002/07/owl%23%3E%0APREFIX%20pm:%20%3Chttp://ua.be/sdo2l/vocabulary/formalisms/pm%23%3E%0ASELECT%20?port%20?pname%20WHERE%20%7B%0A%09?act%20owl:sameAs%20%3Chttp://ua.be/sdo2l/description/artifacts/MyPM_pm%23activity_1%3E%3B%0A%20%20%20%09%09pm:hasPort%20?port%20.%0A%20%20%09?port%20a%20pm:DataInputPort%20.%0A%20%20%09?port%20pm:hasName%20?pname%20.%0A%7D
[2024-10-11 10:58:11] Fuseki     INFO  [103] Query = PREFIX owl: <http://www.w3.org/2002/07/owl#> PREFIX pm: <http://ua.be/sdo2l/vocabulary/formalisms/pm#> SELECT ?port ?pname WHERE { 	?act owl:sameAs <http://ua.be/sdo2l/description/artifacts/MyPM_pm#activity_1>;    		pm:hasPort ?port .   	?port a pm:DataInputPort .   	?port pm:hasName ?pname . }
[2024-10-11 10:58:11] Fuseki     INFO  [103] 200 OK (6 ms)
[2024-10-11 10:58:11] Fuseki     INFO  [104] GET http://localhost:3030/SystemDesignOntology2Layers?query=PREFIX%20owl:%20%3Chttp://www.w3.org/2002/07/owl%23%3E%0APREFIX%20pm:%20%3Chttp://ua.be/sdo2l/vocabulary/formalisms/pm%23%3E%0ASELECT%20?port%20?pname%20WHERE%20%7B%0A%09?act%20owl:sameAs%20%3Chttp://ua.be/sdo2l/description/artifacts/MyPM_pm%23activity_1%3E%3B%0A%20%20%20%09%09pm:hasPort%20?port%20.%0A%20%20%09?port%20a%20pm:DataOutputPort%20.%0A%20%20%09?port%20pm:hasName%20?pname%20.%0A%7D
[2024-10-11 10:58:11] Fuseki     INFO  [104] Query = PREFIX owl: <http://www.w3.org/2002/07/owl#> PREFIX pm: <http://ua.be/sdo2l/vocabulary/formalisms/pm#> SELECT ?port ?pname WHERE { 	?act owl:sameAs <http://ua.be/sdo2l/description/artifacts/MyPM_pm#activity_1>;    		pm:hasPort ?port .   	?port a pm:DataOutputPort .   	?port pm:hasName ?pname . }
[2024-10-11 10:58:11] Fuseki     INFO  [104] 200 OK (7 ms)
[2024-10-11 10:58:11] Fuseki     INFO  [105] GET http://localhost:3030/SystemDesignOntology2Layers?query=PREFIX%20owl:%20%3Chttp://www.w3.org/2002/07/owl%23%3E%0APREFIX%20pm:%20%3Chttp://ua.be/sdo2l/vocabulary/formalisms/pm%23%3E%0APREFIX%20base:%20%3Chttp://ua.be/sdo2l/vocabulary/base/base%23%3E%0ASELECT%20?art%20?name%20?typename%20WHERE%20%7B%0A%09?art%20owl:sameAs%20%3Chttp://ua.be/sdo2l/description/artifacts/MyPM_pm%23artifact_0%3E%20.%0A%20?art%09pm:hasName%20?name%20.%0A%20?art%20%20%09pm:hasType%20?type%20.%0A%20?type%20base:hasGUID%20?typename%20.%0A%7D
[2024-10-11 10:58:11] Fuseki     INFO  [105] Query = PREFIX owl: <http://www.w3.org/2002/07/owl#> PREFIX pm: <http://ua.be/sdo2l/vocabulary/formalisms/pm#> PREFIX base: <http://ua.be/sdo2l/vocabulary/base/base#> SELECT ?art ?name ?typename WHERE { 	?art owl:sameAs <http://ua.be/sdo2l/description/artifacts/MyPM_pm#artifact_0> .  ?art	pm:hasName ?name .  ?art  	pm:hasType ?type .  ?type base:hasGUID ?typename . }
[2024-10-11 10:58:11] Fuseki     INFO  [105] 200 OK (8 ms)
[2024-10-11 10:58:11] Fuseki     INFO  [106] GET http://localhost:3030/SystemDesignOntology2Layers?query=PREFIX%20pm:%20%3Chttp://ua.be/sdo2l/vocabulary/formalisms/pm%23%3E%0APREFIX%20owl:%20%3Chttp://www.w3.org/2002/07/owl%23%3E%0ASELECT%20%20?outport%20?art%0AWHERE%20%7B%20%0A%20%20?outport%20owl:sameAs%20%3Chttp://ua.be/sdo2l/description/artifacts/MyPM_pm%23activity_0_port_2%3E%20.%0A%20%20?outport%20pm:dataTo%20?art%20.%0A%7D
[2024-10-11 10:58:11] Fuseki     INFO  [106] Query = PREFIX pm: <http://ua.be/sdo2l/vocabulary/formalisms/pm#> PREFIX owl: <http://www.w3.org/2002/07/owl#> SELECT  ?outport ?art WHERE {    ?outport owl:sameAs <http://ua.be/sdo2l/description/artifacts/MyPM_pm#activity_0_port_2> .   ?outport pm:dataTo ?art . }
[2024-10-11 10:58:11] Fuseki     INFO  [106] 200 OK (5 ms)
[2024-10-11 10:58:11] Fuseki     INFO  [107] GET http://localhost:3030/SystemDesignOntology2Layers?query=PREFIX%20pm:%20%3Chttp://ua.be/sdo2l/vocabulary/formalisms/pm%23%3E%0APREFIX%20owl:%20%3Chttp://www.w3.org/2002/07/owl%23%3E%0ASELECT%20%20?inport%20?art%0AWHERE%20%7B%20%0A%20%20?inport%20owl:sameAs%20%3Chttp://ua.be/sdo2l/description/artifacts/MyPM_pm%23activity_1_port_2%3E%20.%0A%20%20?inport%20pm:dataFrom%20?art%20.%0A%7D
[2024-10-11 10:58:11] Fuseki     INFO  [107] Query = PREFIX pm: <http://ua.be/sdo2l/vocabulary/formalisms/pm#> PREFIX owl: <http://www.w3.org/2002/07/owl#> SELECT  ?inport ?art WHERE {    ?inport owl:sameAs <http://ua.be/sdo2l/description/artifacts/MyPM_pm#activity_1_port_2> .   ?inport pm:dataFrom ?art . }
[2024-10-11 10:58:11] Fuseki     INFO  [107] 200 OK (5 ms)
[2024-10-11 10:58:11] Fuseki     INFO  [108] GET http://localhost:3030/SystemDesignOntology2Layers?query=PREFIX%20owl:%20%3Chttp://www.w3.org/2002/07/owl%23%3E%0APREFIX%20pm:%20%3Chttp://ua.be/sdo2l/vocabulary/formalisms/pm%23%3E%0ASELECT%20?next%20?nodetype%20?act%0AWHERE%20%7B%20%0A%20%20?node%20owl:sameAs%3Chttp://ua.be/sdo2l/description/artifacts/MyPM_pm%23initial%3E.%0A%20%20?node%20pm:ctrlTo%20?next.%0A%20%20?next%20a%20?nodetype%20%3B%0A%09FILTER%20%28?nodetype%20in%20%28pm:CtrlInputPort%2C%20pm:Final%2Cpm:ForkJoin%29%29%20%0A%09OPTIONAL%20%7B%0A%09%09?next%20pm:ofActivity%20?act%20.%0A%09%7D%0A%7D
[2024-10-11 10:58:11] Fuseki     INFO  [108] Query = PREFIX owl: <http://www.w3.org/2002/07/owl#> PREFIX pm: <http://ua.be/sdo2l/vocabulary/formalisms/pm#> SELECT ?next ?nodetype ?act WHERE {    ?node owl:sameAs<http://ua.be/sdo2l/description/artifacts/MyPM_pm#initial>.   ?node pm:ctrlTo ?next.   ?next a ?nodetype ; 	FILTER (?nodetype in (pm:CtrlInputPort, pm:Final,pm:ForkJoin))  	OPTIONAL { 		?next pm:ofActivity ?act . 	} }
[2024-10-11 10:58:11] Fuseki     INFO  [108] 200 OK (8 ms)
[2024-10-11 10:58:11] Fuseki     INFO  [109] GET http://localhost:3030/SystemDesignOntology2Layers?query=PREFIX%20owl:%20%3Chttp://www.w3.org/2002/07/owl%23%3E%0APREFIX%20pm:%20%3Chttp://ua.be/sdo2l/vocabulary/formalisms/pm%23%3E%0ASELECT%20?next%20?nodetype%20?act%0AWHERE%20%7B%20%0A%20%20?node%20owl:sameAs%3Chttp://ua.be/sdo2l/description/artifacts/MyPM_pm%23final%3E.%0A%20%20?node%20pm:ctrlFrom%20?next.%0A%20%20?next%20a%20?nodetype%20%3B%0A%09FILTER%20%28?nodetype%20in%20%28pm:CtrlOutputPort%2C%20pm:Initial%2C%20pm:Final%2Cpm:ForkJoin%29%29%20%0A%09OPTIONAL%20%7B%0A%09%09?next%20pm:ofActivity%20?act%20.%0A%09%7D%0A%7D
[2024-10-11 10:58:11] Fuseki     INFO  [109] Query = PREFIX owl: <http://www.w3.org/2002/07/owl#> PREFIX pm: <http://ua.be/sdo2l/vocabulary/formalisms/pm#> SELECT ?next ?nodetype ?act WHERE {    ?node owl:sameAs<http://ua.be/sdo2l/description/artifacts/MyPM_pm#final>.   ?node pm:ctrlFrom ?next.   ?next a ?nodetype ; 	FILTER (?nodetype in (pm:CtrlOutputPort, pm:Initial, pm:Final,pm:ForkJoin))  	OPTIONAL { 		?next pm:ofActivity ?act . 	} }
[2024-10-11 10:58:11] Fuseki     INFO  [109] 200 OK (10 ms)
[2024-10-11 10:58:16] Fuseki     INFO  [110] GET http://localhost:3030/SystemDesignOntology2Layers?query=PREFIX%20tr:%20%3Chttp://ua.be/sdo2l/vocabulary/formalisms/processtraces%23%3E%0ASELECT%20?pt%20%20WHERE%20%7B%0A%09?pt%20a%20tr:StartTraceEvent%20%3B%0A%20%20%09%09tr:relatesTo%20%3Chttp://ua.be/sdo2l/description/artifacts/MyPM_pm%23model%3E%20.%0A%7D
[2024-10-11 10:58:16] Fuseki     INFO  [110] Query = PREFIX tr: <http://ua.be/sdo2l/vocabulary/formalisms/processtraces#> SELECT ?pt  WHERE { 	?pt a tr:StartTraceEvent ;   		tr:relatesTo <http://ua.be/sdo2l/description/artifacts/MyPM_pm#model> . }
[2024-10-11 10:58:16] Fuseki     INFO  [110] 200 OK (5 ms)
[2024-10-11 10:58:18] Fuseki     INFO  [111] POST http://localhost:3030/SystemDesignOntology2Layers
[2024-10-11 10:58:18] Fuseki     INFO  [111] Update
[2024-10-11 10:58:18] Fuseki     INFO  [111] 204 No Content (3 ms)
[2024-10-11 10:58:18] Fuseki     INFO  [112] GET http://localhost:3030/SystemDesignOntology2Layers?query=PREFIX%20tr:%20%3Chttp://ua.be/sdo2l/vocabulary/formalisms/processtraces%23%3E%0APREFIX%20owl:%20%3Chttp://www.w3.org/2002/07/owl%23%3E%0ASELECT%20?ts%20%20WHERE%20%7B%0A%09?pt%20a%20tr:StartTraceEvent%20%3B%0A%20%20%09%09tr:hasTimestamp%20?ts%20%3B%0A%20%20%09%09owl:sameAs%20%3Chttp://ua.be/sdo2l/description/artifacts/MyPM_pm/traces%23pt_0%3E%20.%0A%7D
[2024-10-11 10:58:18] Fuseki     INFO  [112] Query = PREFIX tr: <http://ua.be/sdo2l/vocabulary/formalisms/processtraces#> PREFIX owl: <http://www.w3.org/2002/07/owl#> SELECT ?ts  WHERE { 	?pt a tr:StartTraceEvent ;   		tr:hasTimestamp ?ts ;   		owl:sameAs <http://ua.be/sdo2l/description/artifacts/MyPM_pm/traces#pt_0> . }
[2024-10-11 10:58:18] Fuseki     INFO  [112] 200 OK (3 ms)
[2024-10-11 10:58:50] Fuseki     INFO  [113] GET http://localhost:3030/SystemDesignOntology2Layers?query=PREFIX%20owl:%20%3Chttp://www.w3.org/2002/07/owl%23%3E%0APREFIX%20pm:%20%3Chttp://ua.be/sdo2l/vocabulary/formalisms/pm%23%3E%0ASELECT%20?e%20?nodetype%20?act%20WHERE%20%7B%0A%20%20?node%20owl:sameAs%20%3Chttp://ua.be/sdo2l/description/artifacts/MyPM_pm%23initial%3E%20.%0A%20%20?node%20pm:ctrlTo%20?e%20.%0A%20%20?e%20a%20?nodetype%20%3B%0A%20%20FILTER%20%28?nodetype%20in%20%28pm:CtrlInputPort%2C%20pm:Final%2C%20pm:ForkJoin%29%29%20%0A%09%20OPTIONAL%20%7B%0A%09%09?e%20pm:ofActivity%20?act%20.%0A%09%20%7D%0A%7D
[2024-10-11 10:58:50] Fuseki     INFO  [113] Query = PREFIX owl: <http://www.w3.org/2002/07/owl#> PREFIX pm: <http://ua.be/sdo2l/vocabulary/formalisms/pm#> SELECT ?e ?nodetype ?act WHERE {   ?node owl:sameAs <http://ua.be/sdo2l/description/artifacts/MyPM_pm#initial> .   ?node pm:ctrlTo ?e .   ?e a ?nodetype ;   FILTER (?nodetype in (pm:CtrlInputPort, pm:Final, pm:ForkJoin))  	 OPTIONAL { 		?e pm:ofActivity ?act . 	 } }
[2024-10-11 10:58:50] Fuseki     INFO  [113] 200 OK (8 ms)
[2024-10-11 10:59:39] Fuseki     INFO  [114] GET http://localhost:3030/SystemDesignOntology2Layers?query=PREFIX%20owl:%20%3Chttp://www.w3.org/2002/07/owl%23%3E%0APREFIX%20pm:%20%3Chttp://ua.be/sdo2l/vocabulary/formalisms/pm%23%3E%0APREFIX%20obj:%20%3Chttp://ua.be/sdo2l/vocabulary/formalisms/object_diagram%23%3E%0ASELECT%20?pm%20?pmName%20WHERE%20%7B%0A%20%20?pm%20a%20pm:Model%20%3B%0A%20%20%09obj:hasName%20?pmName%20%3B%0A%20%20%09owl:sameAs%20%3Chttp://ua.be/sdo2l/description/artifacts/MyPM_pm%23model%3E%20.%0A%7D
[2024-10-11 10:59:39] Fuseki     INFO  [114] Query = PREFIX owl: <http://www.w3.org/2002/07/owl#> PREFIX pm: <http://ua.be/sdo2l/vocabulary/formalisms/pm#> PREFIX obj: <http://ua.be/sdo2l/vocabulary/formalisms/object_diagram#> SELECT ?pm ?pmName WHERE {   ?pm a pm:Model ;   	obj:hasName ?pmName ;   	owl:sameAs <http://ua.be/sdo2l/description/artifacts/MyPM_pm#model> . }
[2024-10-11 10:59:39] Fuseki     INFO  [114] 200 OK (3 ms)
[2024-10-11 10:59:39] Fuseki     INFO  [115] GET http://localhost:3030/SystemDesignOntology2Layers?query=PREFIX%20owl:%20%3Chttp://www.w3.org/2002/07/owl%23%3E%0APREFIX%20pm:%20%3Chttp://ua.be/sdo2l/vocabulary/formalisms/pm%23%3E%0APREFIX%20obj:%20%3Chttp://ua.be/sdo2l/vocabulary/formalisms/object_diagram%23%3E%0ASELECT%20?pm%20?pmName%20WHERE%20%7B%0A%20%20?pm%20a%20pm:Model%20%3B%0A%20%20%09obj:hasName%20?pmName%20%3B%0A%20%20%09owl:sameAs%20%3Chttp://ua.be/sdo2l/description/artifacts/MyPM_pm%23model%3E%20.%0A%7D
[2024-10-11 10:59:39] Fuseki     INFO  [115] Query = PREFIX owl: <http://www.w3.org/2002/07/owl#> PREFIX pm: <http://ua.be/sdo2l/vocabulary/formalisms/pm#> PREFIX obj: <http://ua.be/sdo2l/vocabulary/formalisms/object_diagram#> SELECT ?pm ?pmName WHERE {   ?pm a pm:Model ;   	obj:hasName ?pmName ;   	owl:sameAs <http://ua.be/sdo2l/description/artifacts/MyPM_pm#model> . }
[2024-10-11 10:59:39] Fuseki     INFO  [115] 200 OK (2 ms)
[2024-10-11 10:59:39] Fuseki     INFO  [116] GET http://localhost:3030/SystemDesignOntology2Layers?query=PREFIX%20owl:%20%3Chttp://www.w3.org/2002/07/owl%23%3E%0APREFIX%20pm:%20%3Chttp://ua.be/sdo2l/vocabulary/formalisms/pm%23%3E%0APREFIX%20ob:%20%3Chttp://ua.be/sdo2l/vocabulary/formalisms/object_diagram%23%3E%0ASELECT%20?node%20?nodetype%20WHERE%20%7B%0A%20%20?pm%20a%20pm:Model%20%3B%0A%20%20%09ob:hasName%20?pmName%20%3B%0A%20%20%09owl:sameAs%20%3Chttp://ua.be/sdo2l/description/artifacts/MyPM_pm%23model%3E%20%3B%0A%20%20%09ob:hasObject%20?node%20.%0A%20%20?node%20a%20?nodetype%20.%0A%20%20FILTER%20%28?nodetype%20in%20%28pm:Initial%2C%20pm:Activity%2C%20pm:AutomatedActivity%2C%20pm:Final%2C%20pm:ForkJoin%2C%20pm:Artifact%29%29%20.%20%20%20%20%20%20%0A%7D
[2024-10-11 10:59:39] Fuseki     INFO  [116] Query = PREFIX owl: <http://www.w3.org/2002/07/owl#> PREFIX pm: <http://ua.be/sdo2l/vocabulary/formalisms/pm#> PREFIX ob: <http://ua.be/sdo2l/vocabulary/formalisms/object_diagram#> SELECT ?node ?nodetype WHERE {   ?pm a pm:Model ;   	ob:hasName ?pmName ;   	owl:sameAs <http://ua.be/sdo2l/description/artifacts/MyPM_pm#model> ;   	ob:hasObject ?node .   ?node a ?nodetype .   FILTER (?nodetype in (pm:Initial, pm:Activity, pm:AutomatedActivity, pm:Final, pm:ForkJoin, pm:Artifact)) .       }
[2024-10-11 10:59:39] Fuseki     INFO  [116] 200 OK (7 ms)
[2024-10-11 10:59:39] Fuseki     INFO  [117] GET http://localhost:3030/SystemDesignOntology2Layers?query=PREFIX%20owl:%20%3Chttp://www.w3.org/2002/07/owl%23%3E%0APREFIX%20ftg:%20%3Chttp://ua.be/sdo2l/vocabulary/formalisms/ftg%23%3E%0APREFIX%20base:%20%3Chttp://ua.be/sdo2l/vocabulary/base/base%23%3E%0APREFIX%20pm:%20%3Chttp://ua.be/sdo2l/vocabulary/formalisms/pm%23%3E%0ASELECT%20?act%20?name%20?type%20WHERE%20%7B%0A%09?act%20owl:sameAs%20%3Chttp://ua.be/sdo2l/description/artifacts/MyPM_pm%23activity_0%3E%3B%0A%20%20%20%09%09pm:isTransformation%20?t%20%3B%20%20%0A%20%20%20%09%09pm:hasName%20?name%20.%20%20%0A%20?t%20base:hasGUID%20?type%20.%20%20%0A%7D
[2024-10-11 10:59:39] Fuseki     INFO  [117] Query = PREFIX owl: <http://www.w3.org/2002/07/owl#> PREFIX ftg: <http://ua.be/sdo2l/vocabulary/formalisms/ftg#> PREFIX base: <http://ua.be/sdo2l/vocabulary/base/base#> PREFIX pm: <http://ua.be/sdo2l/vocabulary/formalisms/pm#> SELECT ?act ?name ?type WHERE { 	?act owl:sameAs <http://ua.be/sdo2l/description/artifacts/MyPM_pm#activity_0>;    		pm:isTransformation ?t ;      		pm:hasName ?name .    ?t base:hasGUID ?type .   }
[2024-10-11 10:59:39] Fuseki     INFO  [117] 200 OK (2 ms)
[2024-10-11 10:59:39] Fuseki     INFO  [118] GET http://localhost:3030/SystemDesignOntology2Layers?query=PREFIX%20owl:%20%3Chttp://www.w3.org/2002/07/owl%23%3E%0APREFIX%20pm:%20%3Chttp://ua.be/sdo2l/vocabulary/formalisms/pm%23%3E%0ASELECT%20?port%20?pname%20WHERE%20%7B%0A%09?act%20owl:sameAs%20%3Chttp://ua.be/sdo2l/description/artifacts/MyPM_pm%23activity_0%3E%3B%0A%20%20%20%09%09pm:hasPort%20?port%20.%0A%20%20%09?port%20a%20pm:CtrlInputPort%20.%0A%20%20%09?port%20pm:hasName%20?pname%20.%0A%7D
[2024-10-11 10:59:39] Fuseki     INFO  [118] Query = PREFIX owl: <http://www.w3.org/2002/07/owl#> PREFIX pm: <http://ua.be/sdo2l/vocabulary/formalisms/pm#> SELECT ?port ?pname WHERE { 	?act owl:sameAs <http://ua.be/sdo2l/description/artifacts/MyPM_pm#activity_0>;    		pm:hasPort ?port .   	?port a pm:CtrlInputPort .   	?port pm:hasName ?pname . }
[2024-10-11 10:59:39] Fuseki     INFO  [118] 200 OK (3 ms)
[2024-10-11 10:59:39] Fuseki     INFO  [119] GET http://localhost:3030/SystemDesignOntology2Layers?query=PREFIX%20owl:%20%3Chttp://www.w3.org/2002/07/owl%23%3E%0APREFIX%20pm:%20%3Chttp://ua.be/sdo2l/vocabulary/formalisms/pm%23%3E%0ASELECT%20?port%20?pname%20WHERE%20%7B%0A%09?act%20owl:sameAs%20%3Chttp://ua.be/sdo2l/description/artifacts/MyPM_pm%23activity_0%3E%3B%0A%20%20%20%09%09pm:hasPort%20?port%20.%0A%20%20%09?port%20a%20pm:CtrlOutputPort%20.%0A%20%20%09?port%20pm:hasName%20?pname%20.%0A%7D
[2024-10-11 10:59:39] Fuseki     INFO  [119] Query = PREFIX owl: <http://www.w3.org/2002/07/owl#> PREFIX pm: <http://ua.be/sdo2l/vocabulary/formalisms/pm#> SELECT ?port ?pname WHERE { 	?act owl:sameAs <http://ua.be/sdo2l/description/artifacts/MyPM_pm#activity_0>;    		pm:hasPort ?port .   	?port a pm:CtrlOutputPort .   	?port pm:hasName ?pname . }
[2024-10-11 10:59:39] Fuseki     INFO  [119] 200 OK (3 ms)
[2024-10-11 10:59:39] Fuseki     INFO  [120] GET http://localhost:3030/SystemDesignOntology2Layers?query=PREFIX%20owl:%20%3Chttp://www.w3.org/2002/07/owl%23%3E%0APREFIX%20pm:%20%3Chttp://ua.be/sdo2l/vocabulary/formalisms/pm%23%3E%0ASELECT%20?port%20?pname%20WHERE%20%7B%0A%09?act%20owl:sameAs%20%3Chttp://ua.be/sdo2l/description/artifacts/MyPM_pm%23activity_0%3E%3B%0A%20%20%20%09%09pm:hasPort%20?port%20.%0A%20%20%09?port%20a%20pm:DataInputPort%20.%0A%20%20%09?port%20pm:hasName%20?pname%20.%0A%7D
[2024-10-11 10:59:39] Fuseki     INFO  [120] Query = PREFIX owl: <http://www.w3.org/2002/07/owl#> PREFIX pm: <http://ua.be/sdo2l/vocabulary/formalisms/pm#> SELECT ?port ?pname WHERE { 	?act owl:sameAs <http://ua.be/sdo2l/description/artifacts/MyPM_pm#activity_0>;    		pm:hasPort ?port .   	?port a pm:DataInputPort .   	?port pm:hasName ?pname . }
[2024-10-11 10:59:39] Fuseki     INFO  [120] 200 OK (5 ms)
[2024-10-11 10:59:39] Fuseki     INFO  [121] GET http://localhost:3030/SystemDesignOntology2Layers?query=PREFIX%20owl:%20%3Chttp://www.w3.org/2002/07/owl%23%3E%0APREFIX%20pm:%20%3Chttp://ua.be/sdo2l/vocabulary/formalisms/pm%23%3E%0ASELECT%20?port%20?pname%20WHERE%20%7B%0A%09?act%20owl:sameAs%20%3Chttp://ua.be/sdo2l/description/artifacts/MyPM_pm%23activity_0%3E%3B%0A%20%20%20%09%09pm:hasPort%20?port%20.%0A%20%20%09?port%20a%20pm:DataOutputPort%20.%0A%20%20%09?port%20pm:hasName%20?pname%20.%0A%7D
[2024-10-11 10:59:39] Fuseki     INFO  [121] Query = PREFIX owl: <http://www.w3.org/2002/07/owl#> PREFIX pm: <http://ua.be/sdo2l/vocabulary/formalisms/pm#> SELECT ?port ?pname WHERE { 	?act owl:sameAs <http://ua.be/sdo2l/description/artifacts/MyPM_pm#activity_0>;    		pm:hasPort ?port .   	?port a pm:DataOutputPort .   	?port pm:hasName ?pname . }
[2024-10-11 10:59:39] Fuseki     INFO  [121] 200 OK (2 ms)
[2024-10-11 10:59:39] Fuseki     INFO  [122] GET http://localhost:3030/SystemDesignOntology2Layers?query=PREFIX%20owl:%20%3Chttp://www.w3.org/2002/07/owl%23%3E%0APREFIX%20ftg:%20%3Chttp://ua.be/sdo2l/vocabulary/formalisms/ftg%23%3E%0APREFIX%20base:%20%3Chttp://ua.be/sdo2l/vocabulary/base/base%23%3E%0APREFIX%20pm:%20%3Chttp://ua.be/sdo2l/vocabulary/formalisms/pm%23%3E%0ASELECT%20?act%20?name%20?type%20WHERE%20%7B%0A%09?act%20owl:sameAs%20%3Chttp://ua.be/sdo2l/description/artifacts/MyPM_pm%23activity_1%3E%3B%0A%20%20%20%09%09pm:isTransformation%20?t%20%3B%20%20%0A%20%20%20%09%09pm:hasName%20?name%20.%20%20%0A%20?t%20base:hasGUID%20?type%20.%20%20%0A%7D
[2024-10-11 10:59:39] Fuseki     INFO  [122] Query = PREFIX owl: <http://www.w3.org/2002/07/owl#> PREFIX ftg: <http://ua.be/sdo2l/vocabulary/formalisms/ftg#> PREFIX base: <http://ua.be/sdo2l/vocabulary/base/base#> PREFIX pm: <http://ua.be/sdo2l/vocabulary/formalisms/pm#> SELECT ?act ?name ?type WHERE { 	?act owl:sameAs <http://ua.be/sdo2l/description/artifacts/MyPM_pm#activity_1>;    		pm:isTransformation ?t ;      		pm:hasName ?name .    ?t base:hasGUID ?type .   }
[2024-10-11 10:59:40] Fuseki     INFO  [122] 200 OK (4 ms)
[2024-10-11 10:59:40] Fuseki     INFO  [123] GET http://localhost:3030/SystemDesignOntology2Layers?query=PREFIX%20owl:%20%3Chttp://www.w3.org/2002/07/owl%23%3E%0APREFIX%20pm:%20%3Chttp://ua.be/sdo2l/vocabulary/formalisms/pm%23%3E%0ASELECT%20?port%20?pname%20WHERE%20%7B%0A%09?act%20owl:sameAs%20%3Chttp://ua.be/sdo2l/description/artifacts/MyPM_pm%23activity_1%3E%3B%0A%20%20%20%09%09pm:hasPort%20?port%20.%0A%20%20%09?port%20a%20pm:CtrlInputPort%20.%0A%20%20%09?port%20pm:hasName%20?pname%20.%0A%7D
[2024-10-11 10:59:40] Fuseki     INFO  [123] Query = PREFIX owl: <http://www.w3.org/2002/07/owl#> PREFIX pm: <http://ua.be/sdo2l/vocabulary/formalisms/pm#> SELECT ?port ?pname WHERE { 	?act owl:sameAs <http://ua.be/sdo2l/description/artifacts/MyPM_pm#activity_1>;    		pm:hasPort ?port .   	?port a pm:CtrlInputPort .   	?port pm:hasName ?pname . }
[2024-10-11 10:59:40] Fuseki     INFO  [123] 200 OK (4 ms)
[2024-10-11 10:59:40] Fuseki     INFO  [124] GET http://localhost:3030/SystemDesignOntology2Layers?query=PREFIX%20owl:%20%3Chttp://www.w3.org/2002/07/owl%23%3E%0APREFIX%20pm:%20%3Chttp://ua.be/sdo2l/vocabulary/formalisms/pm%23%3E%0ASELECT%20?port%20?pname%20WHERE%20%7B%0A%09?act%20owl:sameAs%20%3Chttp://ua.be/sdo2l/description/artifacts/MyPM_pm%23activity_1%3E%3B%0A%20%20%20%09%09pm:hasPort%20?port%20.%0A%20%20%09?port%20a%20pm:CtrlOutputPort%20.%0A%20%20%09?port%20pm:hasName%20?pname%20.%0A%7D
[2024-10-11 10:59:40] Fuseki     INFO  [124] Query = PREFIX owl: <http://www.w3.org/2002/07/owl#> PREFIX pm: <http://ua.be/sdo2l/vocabulary/formalisms/pm#> SELECT ?port ?pname WHERE { 	?act owl:sameAs <http://ua.be/sdo2l/description/artifacts/MyPM_pm#activity_1>;    		pm:hasPort ?port .   	?port a pm:CtrlOutputPort .   	?port pm:hasName ?pname . }
[2024-10-11 10:59:40] Fuseki     INFO  [124] 200 OK (4 ms)
[2024-10-11 10:59:40] Fuseki     INFO  [125] GET http://localhost:3030/SystemDesignOntology2Layers?query=PREFIX%20owl:%20%3Chttp://www.w3.org/2002/07/owl%23%3E%0APREFIX%20pm:%20%3Chttp://ua.be/sdo2l/vocabulary/formalisms/pm%23%3E%0ASELECT%20?port%20?pname%20WHERE%20%7B%0A%09?act%20owl:sameAs%20%3Chttp://ua.be/sdo2l/description/artifacts/MyPM_pm%23activity_1%3E%3B%0A%20%20%20%09%09pm:hasPort%20?port%20.%0A%20%20%09?port%20a%20pm:DataInputPort%20.%0A%20%20%09?port%20pm:hasName%20?pname%20.%0A%7D
[2024-10-11 10:59:40] Fuseki     INFO  [125] Query = PREFIX owl: <http://www.w3.org/2002/07/owl#> PREFIX pm: <http://ua.be/sdo2l/vocabulary/formalisms/pm#> SELECT ?port ?pname WHERE { 	?act owl:sameAs <http://ua.be/sdo2l/description/artifacts/MyPM_pm#activity_1>;    		pm:hasPort ?port .   	?port a pm:DataInputPort .   	?port pm:hasName ?pname . }
[2024-10-11 10:59:40] Fuseki     INFO  [125] 200 OK (2 ms)
[2024-10-11 10:59:40] Fuseki     INFO  [126] GET http://localhost:3030/SystemDesignOntology2Layers?query=PREFIX%20owl:%20%3Chttp://www.w3.org/2002/07/owl%23%3E%0APREFIX%20pm:%20%3Chttp://ua.be/sdo2l/vocabulary/formalisms/pm%23%3E%0ASELECT%20?port%20?pname%20WHERE%20%7B%0A%09?act%20owl:sameAs%20%3Chttp://ua.be/sdo2l/description/artifacts/MyPM_pm%23activity_1%3E%3B%0A%20%20%20%09%09pm:hasPort%20?port%20.%0A%20%20%09?port%20a%20pm:DataOutputPort%20.%0A%20%20%09?port%20pm:hasName%20?pname%20.%0A%7D
[2024-10-11 10:59:40] Fuseki     INFO  [126] Query = PREFIX owl: <http://www.w3.org/2002/07/owl#> PREFIX pm: <http://ua.be/sdo2l/vocabulary/formalisms/pm#> SELECT ?port ?pname WHERE { 	?act owl:sameAs <http://ua.be/sdo2l/description/artifacts/MyPM_pm#activity_1>;    		pm:hasPort ?port .   	?port a pm:DataOutputPort .   	?port pm:hasName ?pname . }
[2024-10-11 10:59:40] Fuseki     INFO  [126] 200 OK (4 ms)
[2024-10-11 10:59:40] Fuseki     INFO  [127] GET http://localhost:3030/SystemDesignOntology2Layers?query=PREFIX%20owl:%20%3Chttp://www.w3.org/2002/07/owl%23%3E%0APREFIX%20pm:%20%3Chttp://ua.be/sdo2l/vocabulary/formalisms/pm%23%3E%0APREFIX%20base:%20%3Chttp://ua.be/sdo2l/vocabulary/base/base%23%3E%0ASELECT%20?art%20?name%20?typename%20WHERE%20%7B%0A%09?art%20owl:sameAs%20%3Chttp://ua.be/sdo2l/description/artifacts/MyPM_pm%23artifact_0%3E%20.%0A%20?art%09pm:hasName%20?name%20.%0A%20?art%20%20%09pm:hasType%20?type%20.%0A%20?type%20base:hasGUID%20?typename%20.%0A%7D
[2024-10-11 10:59:40] Fuseki     INFO  [127] Query = PREFIX owl: <http://www.w3.org/2002/07/owl#> PREFIX pm: <http://ua.be/sdo2l/vocabulary/formalisms/pm#> PREFIX base: <http://ua.be/sdo2l/vocabulary/base/base#> SELECT ?art ?name ?typename WHERE { 	?art owl:sameAs <http://ua.be/sdo2l/description/artifacts/MyPM_pm#artifact_0> .  ?art	pm:hasName ?name .  ?art  	pm:hasType ?type .  ?type base:hasGUID ?typename . }
[2024-10-11 10:59:40] Fuseki     INFO  [127] 200 OK (2 ms)
[2024-10-11 10:59:40] Fuseki     INFO  [128] GET http://localhost:3030/SystemDesignOntology2Layers?query=PREFIX%20pm:%20%3Chttp://ua.be/sdo2l/vocabulary/formalisms/pm%23%3E%0APREFIX%20owl:%20%3Chttp://www.w3.org/2002/07/owl%23%3E%0ASELECT%20%20?outport%20?art%0AWHERE%20%7B%20%0A%20%20?outport%20owl:sameAs%20%3Chttp://ua.be/sdo2l/description/artifacts/MyPM_pm%23activity_0_port_2%3E%20.%0A%20%20?outport%20pm:dataTo%20?art%20.%0A%7D
[2024-10-11 10:59:40] Fuseki     INFO  [128] Query = PREFIX pm: <http://ua.be/sdo2l/vocabulary/formalisms/pm#> PREFIX owl: <http://www.w3.org/2002/07/owl#> SELECT  ?outport ?art WHERE {    ?outport owl:sameAs <http://ua.be/sdo2l/description/artifacts/MyPM_pm#activity_0_port_2> .   ?outport pm:dataTo ?art . }
[2024-10-11 10:59:40] Fuseki     INFO  [128] 200 OK (6 ms)
[2024-10-11 10:59:40] Fuseki     INFO  [129] GET http://localhost:3030/SystemDesignOntology2Layers?query=PREFIX%20pm:%20%3Chttp://ua.be/sdo2l/vocabulary/formalisms/pm%23%3E%0APREFIX%20owl:%20%3Chttp://www.w3.org/2002/07/owl%23%3E%0ASELECT%20%20?inport%20?art%0AWHERE%20%7B%20%0A%20%20?inport%20owl:sameAs%20%3Chttp://ua.be/sdo2l/description/artifacts/MyPM_pm%23activity_1_port_2%3E%20.%0A%20%20?inport%20pm:dataFrom%20?art%20.%0A%7D
[2024-10-11 10:59:40] Fuseki     INFO  [129] Query = PREFIX pm: <http://ua.be/sdo2l/vocabulary/formalisms/pm#> PREFIX owl: <http://www.w3.org/2002/07/owl#> SELECT  ?inport ?art WHERE {    ?inport owl:sameAs <http://ua.be/sdo2l/description/artifacts/MyPM_pm#activity_1_port_2> .   ?inport pm:dataFrom ?art . }
[2024-10-11 10:59:40] Fuseki     INFO  [129] 200 OK (2 ms)
[2024-10-11 10:59:40] Fuseki     INFO  [130] GET http://localhost:3030/SystemDesignOntology2Layers?query=PREFIX%20owl:%20%3Chttp://www.w3.org/2002/07/owl%23%3E%0APREFIX%20pm:%20%3Chttp://ua.be/sdo2l/vocabulary/formalisms/pm%23%3E%0ASELECT%20?next%20?nodetype%20?act%0AWHERE%20%7B%20%0A%20%20?node%20owl:sameAs%3Chttp://ua.be/sdo2l/description/artifacts/MyPM_pm%23initial%3E.%0A%20%20?node%20pm:ctrlTo%20?next.%0A%20%20?next%20a%20?nodetype%20%3B%0A%09FILTER%20%28?nodetype%20in%20%28pm:CtrlInputPort%2C%20pm:Final%2Cpm:ForkJoin%29%29%20%0A%09OPTIONAL%20%7B%0A%09%09?next%20pm:ofActivity%20?act%20.%0A%09%7D%0A%7D
[2024-10-11 10:59:40] Fuseki     INFO  [130] Query = PREFIX owl: <http://www.w3.org/2002/07/owl#> PREFIX pm: <http://ua.be/sdo2l/vocabulary/formalisms/pm#> SELECT ?next ?nodetype ?act WHERE {    ?node owl:sameAs<http://ua.be/sdo2l/description/artifacts/MyPM_pm#initial>.   ?node pm:ctrlTo ?next.   ?next a ?nodetype ; 	FILTER (?nodetype in (pm:CtrlInputPort, pm:Final,pm:ForkJoin))  	OPTIONAL { 		?next pm:ofActivity ?act . 	} }
[2024-10-11 10:59:40] Fuseki     INFO  [130] 200 OK (4 ms)
[2024-10-11 10:59:40] Fuseki     INFO  [131] GET http://localhost:3030/SystemDesignOntology2Layers?query=PREFIX%20owl:%20%3Chttp://www.w3.org/2002/07/owl%23%3E%0APREFIX%20pm:%20%3Chttp://ua.be/sdo2l/vocabulary/formalisms/pm%23%3E%0ASELECT%20?next%20?nodetype%20?act%0AWHERE%20%7B%20%0A%20%20?node%20owl:sameAs%3Chttp://ua.be/sdo2l/description/artifacts/MyPM_pm%23final%3E.%0A%20%20?node%20pm:ctrlFrom%20?next.%0A%20%20?next%20a%20?nodetype%20%3B%0A%09FILTER%20%28?nodetype%20in%20%28pm:CtrlOutputPort%2C%20pm:Initial%2C%20pm:Final%2Cpm:ForkJoin%29%29%20%0A%09OPTIONAL%20%7B%0A%09%09?next%20pm:ofActivity%20?act%20.%0A%09%7D%0A%7D
[2024-10-11 10:59:40] Fuseki     INFO  [131] Query = PREFIX owl: <http://www.w3.org/2002/07/owl#> PREFIX pm: <http://ua.be/sdo2l/vocabulary/formalisms/pm#> SELECT ?next ?nodetype ?act WHERE {    ?node owl:sameAs<http://ua.be/sdo2l/description/artifacts/MyPM_pm#final>.   ?node pm:ctrlFrom ?next.   ?next a ?nodetype ; 	FILTER (?nodetype in (pm:CtrlOutputPort, pm:Initial, pm:Final,pm:ForkJoin))  	OPTIONAL { 		?next pm:ofActivity ?act . 	} }
[2024-10-11 10:59:40] Fuseki     INFO  [131] 200 OK (6 ms)
[2024-10-11 11:00:03] Fuseki     INFO  [132] GET http://localhost:3030/SystemDesignOntology2Layers?query=PREFIX%20tr:%20%3Chttp://ua.be/sdo2l/vocabulary/formalisms/processtraces%23%3E%0ASELECT%20?pt%20%20WHERE%20%7B%0A%09?pt%20a%20tr:StartTraceEvent%20%3B%0A%20%20%09%09tr:relatesTo%20%3Chttp://ua.be/sdo2l/description/artifacts/MyPM_pm%23model%3E%20.%0A%7D
[2024-10-11 11:00:03] Fuseki     INFO  [132] Query = PREFIX tr: <http://ua.be/sdo2l/vocabulary/formalisms/processtraces#> SELECT ?pt  WHERE { 	?pt a tr:StartTraceEvent ;   		tr:relatesTo <http://ua.be/sdo2l/description/artifacts/MyPM_pm#model> . }
[2024-10-11 11:00:03] Fuseki     INFO  [132] 200 OK (3 ms)
[2024-10-11 11:00:04] Fuseki     INFO  [133] POST http://localhost:3030/SystemDesignOntology2Layers
[2024-10-11 11:00:04] Fuseki     INFO  [133] Update
[2024-10-11 11:00:04] Fuseki     INFO  [133] 204 No Content (2 ms)
[2024-10-11 11:00:05] Fuseki     INFO  [134] GET http://localhost:3030/SystemDesignOntology2Layers?query=PREFIX%20tr:%20%3Chttp://ua.be/sdo2l/vocabulary/formalisms/processtraces%23%3E%0APREFIX%20owl:%20%3Chttp://www.w3.org/2002/07/owl%23%3E%0ASELECT%20?ts%20%20WHERE%20%7B%0A%09?pt%20a%20tr:StartTraceEvent%20%3B%0A%20%20%09%09tr:hasTimestamp%20?ts%20%3B%0A%20%20%09%09owl:sameAs%20%3Chttp://ua.be/sdo2l/description/artifacts/MyPM_pm/traces%23pt_0%3E%20.%0A%7D
[2024-10-11 11:00:05] Fuseki     INFO  [134] Query = PREFIX tr: <http://ua.be/sdo2l/vocabulary/formalisms/processtraces#> PREFIX owl: <http://www.w3.org/2002/07/owl#> SELECT ?ts  WHERE { 	?pt a tr:StartTraceEvent ;   		tr:hasTimestamp ?ts ;   		owl:sameAs <http://ua.be/sdo2l/description/artifacts/MyPM_pm/traces#pt_0> . }
[2024-10-11 11:00:05] Fuseki     INFO  [134] 200 OK (3 ms)
[2024-10-11 11:00:41] Fuseki     INFO  [135] GET http://localhost:3030/SystemDesignOntology2Layers?query=PREFIX%20owl:%20%3Chttp://www.w3.org/2002/07/owl%23%3E%0APREFIX%20pm:%20%3Chttp://ua.be/sdo2l/vocabulary/formalisms/pm%23%3E%0ASELECT%20?e%20?nodetype%20?act%20WHERE%20%7B%0A%20%20?node%20owl:sameAs%20%3Chttp://ua.be/sdo2l/description/artifacts/MyPM_pm%23initial%3E%20.%0A%20%20?node%20pm:ctrlTo%20?e%20.%0A%20%20?e%20a%20?nodetype%20%3B%0A%20%20FILTER%20%28?nodetype%20in%20%28pm:CtrlInputPort%2C%20pm:Final%2C%20pm:ForkJoin%29%29%20%0A%09%20OPTIONAL%20%7B%0A%09%09?e%20pm:ofActivity%20?act%20.%0A%09%20%7D%0A%7D
[2024-10-11 11:00:41] Fuseki     INFO  [135] Query = PREFIX owl: <http://www.w3.org/2002/07/owl#> PREFIX pm: <http://ua.be/sdo2l/vocabulary/formalisms/pm#> SELECT ?e ?nodetype ?act WHERE {   ?node owl:sameAs <http://ua.be/sdo2l/description/artifacts/MyPM_pm#initial> .   ?node pm:ctrlTo ?e .   ?e a ?nodetype ;   FILTER (?nodetype in (pm:CtrlInputPort, pm:Final, pm:ForkJoin))  	 OPTIONAL { 		?e pm:ofActivity ?act . 	 } }
[2024-10-11 11:00:41] Fuseki     INFO  [135] 200 OK (10 ms)
